<?xml version='1.0' ?><testsuites errors="0" failures="0" tests="70" time="111.015"><testsuite name="tests" tests="70"><testsuite name="Reach.NL_Eval" tests="5"><testsuite name="nl-eval-errors" tests="5"><testsuite name="this subdir" tests="1"><testcase name="is not empty" time="0.000" classname="tests.Reach.NL_Eval.nl-eval-errors.this subdir" /></testsuite><testsuite name="testing each .rshfile" tests="4"><testcase name="Err_Parse_ExpectIdentifier" time="0.019" classname="tests.Reach.NL_Eval.nl-eval-errors.testing each .rshfile" /><testcase name="Err_Parse_IllegalBinOp" time="0.087" classname="tests.Reach.NL_Eval.nl-eval-errors.testing each .rshfile" /><testcase name="Err_Parse_CyclicImport" time="0.000" classname="tests.Reach.NL_Eval.nl-eval-errors.testing each .rshfile" /><testcase name="Err_Parse_IllegalUnaOp" time="0.007" classname="tests.Reach.NL_Eval.nl-eval-errors.testing each .rshfile" /></testsuite></testsuite></testsuite><testsuite name="Reach.Util" tests="3"><testsuite name="fromIntegerMay" tests="3"><testcase name="does not overflow" time="0.000" classname="tests.Reach.Util.fromIntegerMay" /><testcase name="does not underflow" time="0.000" classname="tests.Reach.Util.fromIntegerMay" /><testcase name="works" time="0.000" classname="tests.Reach.Util.fromIntegerMay" /></testsuite></testsuite><testsuite name="parse-errors" tests="25"><testsuite name="Examples covering ParseErr" tests="1"><testcase name="list of constructors with missing examples is empty" time="0.000" classname="tests.parse-errors.Examples covering ParseErr" /></testsuite><testsuite name="this subdir" tests="1"><testcase name="is not empty" time="0.000" classname="tests.parse-errors.this subdir" /></testsuite><testsuite name="testing each .rshfile" tests="23"><testcase name="PE_IfElse" time="0.010" classname="tests.parse-errors.testing each .rshfile" /><testcase name="PE_HeaderProgram" time="0.000" classname="tests.parse-errors.testing each .rshfile" /><testcase name="PE_LibraryMain_lib" time="0.000" classname="tests.parse-errors.testing each .rshfile" /><testcase name="PE_BinaryOp" time="0.000" classname="tests.parse-errors.testing each .rshfile" /><testcase name="PE_LibraryParticipants_lib" time="0.000" classname="tests.parse-errors.testing each .rshfile" /><testcase name="PE_DoubleMain" time="0.000" classname="tests.parse-errors.testing each .rshfile" /><testcase name="PE_LibraryMain" time="0.000" classname="tests.parse-errors.testing each .rshfile" /><testcase name="PE_LibraryParticipants" time="0.092" classname="tests.parse-errors.testing each .rshfile" /><testcase name="PE_Identifier" time="0.001" classname="tests.parse-errors.testing each .rshfile" /><testcase name="PE_UnaryOp" time="0.000" classname="tests.parse-errors.testing each .rshfile" /><testcase name="PE_ContinueArgs" time="0.000" classname="tests.parse-errors.testing each .rshfile" /><testcase name="PE_AfterReturn" time="0.000" classname="tests.parse-errors.testing each .rshfile" /><testcase name="PE_EmptyBody" time="0.000" classname="tests.parse-errors.testing each .rshfile" /><testcase name="PE_NoMain" time="0.000" classname="tests.parse-errors.testing each .rshfile" /><testcase name="PE_ArrowParams" time="0.060" classname="tests.parse-errors.testing each .rshfile" /><testcase name="PE_HeaderLibrary" time="0.000" classname="tests.parse-errors.testing each .rshfile" /><testcase name="PE_Arg1" time="0.000" classname="tests.parse-errors.testing each .rshfile" /><testcase name="PE_Statement" time="0.000" classname="tests.parse-errors.testing each .rshfile" /><testcase name="PE_BodyElement" time="0.000" classname="tests.parse-errors.testing each .rshfile" /><testcase name="PE_Expression" time="0.000" classname="tests.parse-errors.testing each .rshfile" /><testcase name="PE_HeaderLibrary_lib" time="0.000" classname="tests.parse-errors.testing each .rshfile" /><testcase name="PE_Type" time="0.001" classname="tests.parse-errors.testing each .rshfile" /><testcase name="PE_LetLHS" time="0.000" classname="tests.parse-errors.testing each .rshfile" /></testsuite></testsuite><testsuite name="compile-errors" tests="24"><testsuite name="Examples covering CompileErr" tests="1"><testcase name="list of constructors with missing examples is empty" time="0.000" classname="tests.compile-errors.Examples covering CompileErr" /></testsuite><testsuite name="this subdir" tests="1"><testcase name="is not empty" time="0.000" classname="tests.compile-errors.this subdir" /></testsuite><testsuite name="testing each .rshfile" tests="22"><testcase name="CE_TypeCount" time="0.216" classname="tests.compile-errors.testing each .rshfile" /><testcase name="CE_WhileNoContinue" time="0.111" classname="tests.compile-errors.testing each .rshfile" /><testcase name="CE_ArrayUnitNotBT" time="0.284" classname="tests.compile-errors.testing each .rshfile" /><testcase name="CE_VariableNotParticipant" time="0.136" classname="tests.compile-errors.testing each .rshfile" /><testcase name="CE_VarNotVar" time="0.180" classname="tests.compile-errors.testing each .rshfile" /><testcase name="CE_ExpectArray" time="0.110" classname="tests.compile-errors.testing each .rshfile" /><testcase name="CE_HigherOrder" time="0.287" classname="tests.compile-errors.testing each .rshfile" /><testcase name="CE_ExpectedPublic" time="0.362" classname="tests.compile-errors.testing each .rshfile" /><testcase name="CE_Shadowed" time="0.330" classname="tests.compile-errors.testing each .rshfile" /><testcase name="CE_ContractLimitation" time="0.403" classname="tests.compile-errors.testing each .rshfile" /><testcase name="CE_ArrayLenNotConstant" time="0.178" classname="tests.compile-errors.testing each .rshfile" /><testcase name="CE_CannotApply" time="0.236" classname="tests.compile-errors.testing each .rshfile" /><testcase name="CE_UnboundVariable" time="0.368" classname="tests.compile-errors.testing each .rshfile" /><testcase name="CE_ContinueNotInLoop" time="0.001" classname="tests.compile-errors.testing each .rshfile" /><testcase name="CE_ContractReturns" time="0.331" classname="tests.compile-errors.testing each .rshfile" /><testcase name="CE_LocalLimitation" time="0.208" classname="tests.compile-errors.testing each .rshfile" /><testcase name="CE_TypeMismatch" time="0.157" classname="tests.compile-errors.testing each .rshfile" /><testcase name="CE_UnboundTypeVariable" time="0.134" classname="tests.compile-errors.testing each .rshfile" /><testcase name="CE_UnknownRole" time="0.273" classname="tests.compile-errors.testing each .rshfile" /><testcase name="CE_LambdaArgCount" time="0.226" classname="tests.compile-errors.testing each .rshfile" /><testcase name="CE_UnknownVar" time="0.473" classname="tests.compile-errors.testing each .rshfile" /><testcase name="CE_Unreachable" time="0.325" classname="tests.compile-errors.testing each .rshfile" /></testsuite></testsuite><testsuite name="verification-errors" tests="13"><testsuite name="this subdir" tests="1"><testcase name="is not empty" time="0.000" classname="tests.verification-errors.this subdir" /></testsuite><testsuite name="testing each .patchfile" tests="12"><testcase name="rps__rsh__rps.rsh.3" time="8.024" classname="tests.verification-errors.testing each .patchfile" /><testcase name="rps__rsh__rps_while.rsh.0" time="12.597" classname="tests.verification-errors.testing each .patchfile" /><testcase name="multisig__multisig.rsh.1" time="2.460" classname="tests.verification-errors.testing each .patchfile" /><testcase name="multisig__multisig.rsh.0" time="2.160" classname="tests.verification-errors.testing each .patchfile" /><testcase name="rps__rsh__rps_while.rsh.2" time="13.773" classname="tests.verification-errors.testing each .patchfile" /><testcase name="rps__rsh__rps_while.rsh.1" time="9.747" classname="tests.verification-errors.testing each .patchfile" /><testcase name="multisig__multisig.rsh.3" time="2.563" classname="tests.verification-errors.testing each .patchfile" /><testcase name="rps__rsh__rps_while.rsh.3" time="13.082" classname="tests.verification-errors.testing each .patchfile" /><testcase name="rps__rsh__rps.rsh.4" time="13.691" classname="tests.verification-errors.testing each .patchfile" /><testcase name="rps__rsh__rps.rsh.1" time="13.121" classname="tests.verification-errors.testing each .patchfile" /><testcase name="multisig__multisig.rsh.2" time="2.674" classname="tests.verification-errors.testing each .patchfile" /><testcase name="rps__rsh__rps.rsh.0" time="11.510" classname="tests.verification-errors.testing each .patchfile" /></testsuite></testsuite></testsuite></testsuites>