<?xml version='1.0' ?><testsuites errors="0" failures="0" tests="70" time="146.468"><testsuite name="test/Main.hs" tests="70"><testsuite name="nl-eval-errors" tests="5"><testsuite name="this subdir" tests="1"><testcase name="is not empty" time="0.000" classname="test/Main.hs.nl-eval-errors.this subdir" /></testsuite><testsuite name="testing each .rsh file" tests="4"><testcase name="Err_Parse_CyclicImport" time="0.001" classname="test/Main.hs.nl-eval-errors.testing each .rsh file" /><testcase name="Err_Parse_IllegalUnaOp" time="0.037" classname="test/Main.hs.nl-eval-errors.testing each .rsh file" /><testcase name="Err_Parse_IllegalBinOp" time="0.074" classname="test/Main.hs.nl-eval-errors.testing each .rsh file" /><testcase name="Err_Parse_ExpectIdentifier" time="0.080" classname="test/Main.hs.nl-eval-errors.testing each .rsh file" /></testsuite></testsuite><testsuite name="fromIntegerMay" tests="3"><testcase name="does not overflow" time="0.000" classname="test/Main.hs.fromIntegerMay" /><testcase name="does not underflow" time="0.000" classname="test/Main.hs.fromIntegerMay" /><testcase name="works" time="0.000" classname="test/Main.hs.fromIntegerMay" /></testsuite><testsuite name="parse-errors" tests="25"><testsuite name="Examples covering ParseErr" tests="1"><testcase name="list of constructors with missing examples is empty" time="0.000" classname="test/Main.hs.parse-errors.Examples covering ParseErr" /></testsuite><testsuite name="this subdir" tests="1"><testcase name="is not empty" time="0.000" classname="test/Main.hs.parse-errors.this subdir" /></testsuite><testsuite name="testing each .rsh file" tests="23"><testcase name="PE_IfElse" time="0.035" classname="test/Main.hs.parse-errors.testing each .rsh file" /><testcase name="PE_BinaryOp" time="0.000" classname="test/Main.hs.parse-errors.testing each .rsh file" /><testcase name="PE_LibraryMain" time="0.000" classname="test/Main.hs.parse-errors.testing each .rsh file" /><testcase name="PE_AfterReturn" time="0.000" classname="test/Main.hs.parse-errors.testing each .rsh file" /><testcase name="PE_Arg1" time="0.000" classname="test/Main.hs.parse-errors.testing each .rsh file" /><testcase name="PE_Statement" time="0.000" classname="test/Main.hs.parse-errors.testing each .rsh file" /><testcase name="PE_HeaderLibrary" time="0.001" classname="test/Main.hs.parse-errors.testing each .rsh file" /><testcase name="PE_DoubleMain" time="0.000" classname="test/Main.hs.parse-errors.testing each .rsh file" /><testcase name="PE_ContinueArgs" time="0.000" classname="test/Main.hs.parse-errors.testing each .rsh file" /><testcase name="PE_HeaderProgram" time="0.000" classname="test/Main.hs.parse-errors.testing each .rsh file" /><testcase name="PE_Identifier" time="0.000" classname="test/Main.hs.parse-errors.testing each .rsh file" /><testcase name="PE_BodyElement" time="0.000" classname="test/Main.hs.parse-errors.testing each .rsh file" /><testcase name="PE_LibraryMain_lib" time="0.053" classname="test/Main.hs.parse-errors.testing each .rsh file" /><testcase name="PE_NoMain" time="0.000" classname="test/Main.hs.parse-errors.testing each .rsh file" /><testcase name="PE_LetLHS" time="0.000" classname="test/Main.hs.parse-errors.testing each .rsh file" /><testcase name="PE_LibraryParticipants_lib" time="0.000" classname="test/Main.hs.parse-errors.testing each .rsh file" /><testcase name="PE_UnaryOp" time="0.000" classname="test/Main.hs.parse-errors.testing each .rsh file" /><testcase name="PE_LibraryParticipants" time="0.000" classname="test/Main.hs.parse-errors.testing each .rsh file" /><testcase name="PE_Type" time="0.000" classname="test/Main.hs.parse-errors.testing each .rsh file" /><testcase name="PE_Expression" time="0.115" classname="test/Main.hs.parse-errors.testing each .rsh file" /><testcase name="PE_ArrowParams" time="0.000" classname="test/Main.hs.parse-errors.testing each .rsh file" /><testcase name="PE_EmptyBody" time="0.000" classname="test/Main.hs.parse-errors.testing each .rsh file" /><testcase name="PE_HeaderLibrary_lib" time="0.000" classname="test/Main.hs.parse-errors.testing each .rsh file" /></testsuite></testsuite><testsuite name="compile-errors" tests="24"><testsuite name="Examples covering CompileErr" tests="1"><testcase name="list of constructors with missing examples is empty" time="0.000" classname="test/Main.hs.compile-errors.Examples covering CompileErr" /></testsuite><testsuite name="this subdir" tests="1"><testcase name="is not empty" time="0.000" classname="test/Main.hs.compile-errors.this subdir" /></testsuite><testsuite name="testing each .rsh file" tests="22"><testcase name="CE_LambdaArgCount" time="0.215" classname="test/Main.hs.compile-errors.testing each .rsh file" /><testcase name="CE_TypeMismatch" time="0.182" classname="test/Main.hs.compile-errors.testing each .rsh file" /><testcase name="CE_ContinueNotInLoop" time="0.000" classname="test/Main.hs.compile-errors.testing each .rsh file" /><testcase name="CE_CannotApply" time="0.023" classname="test/Main.hs.compile-errors.testing each .rsh file" /><testcase name="CE_UnknownRole" time="0.096" classname="test/Main.hs.compile-errors.testing each .rsh file" /><testcase name="CE_HigherOrder" time="0.116" classname="test/Main.hs.compile-errors.testing each .rsh file" /><testcase name="CE_ContractLimitation" time="0.484" classname="test/Main.hs.compile-errors.testing each .rsh file" /><testcase name="CE_UnknownVar" time="0.278" classname="test/Main.hs.compile-errors.testing each .rsh file" /><testcase name="CE_VariableNotParticipant" time="0.032" classname="test/Main.hs.compile-errors.testing each .rsh file" /><testcase name="CE_ExpectedPublic" time="0.479" classname="test/Main.hs.compile-errors.testing each .rsh file" /><testcase name="CE_Unreachable" time="0.301" classname="test/Main.hs.compile-errors.testing each .rsh file" /><testcase name="CE_VarNotVar" time="0.288" classname="test/Main.hs.compile-errors.testing each .rsh file" /><testcase name="CE_WhileNoContinue" time="0.091" classname="test/Main.hs.compile-errors.testing each .rsh file" /><testcase name="CE_ArrayLenNotConstant" time="0.226" classname="test/Main.hs.compile-errors.testing each .rsh file" /><testcase name="CE_ArrayUnitNotBT" time="0.172" classname="test/Main.hs.compile-errors.testing each .rsh file" /><testcase name="CE_ExpectArray" time="0.303" classname="test/Main.hs.compile-errors.testing each .rsh file" /><testcase name="CE_ContractReturns" time="0.243" classname="test/Main.hs.compile-errors.testing each .rsh file" /><testcase name="CE_Shadowed" time="0.296" classname="test/Main.hs.compile-errors.testing each .rsh file" /><testcase name="CE_TypeCount" time="0.161" classname="test/Main.hs.compile-errors.testing each .rsh file" /><testcase name="CE_LocalLimitation" time="0.447" classname="test/Main.hs.compile-errors.testing each .rsh file" /><testcase name="CE_UnboundTypeVariable" time="0.192" classname="test/Main.hs.compile-errors.testing each .rsh file" /><testcase name="CE_UnboundVariable" time="0.295" classname="test/Main.hs.compile-errors.testing each .rsh file" /></testsuite></testsuite><testsuite name="verification-errors" tests="13"><testsuite name="this subdir" tests="1"><testcase name="is not empty" time="0.000" classname="test/Main.hs.verification-errors.this subdir" /></testsuite><testsuite name="testing each .patch file" tests="12"><testcase name="rps__rsh__rps.rsh.4" time="16.711" classname="test/Main.hs.verification-errors.testing each .patch file" /><testcase name="rps__rsh__rps_while.rsh.1" time="12.098" classname="test/Main.hs.verification-errors.testing each .patch file" /><testcase name="rps__rsh__rps.rsh.3" time="11.705" classname="test/Main.hs.verification-errors.testing each .patch file" /><testcase name="rps__rsh__rps_while.rsh.2" time="18.416" classname="test/Main.hs.verification-errors.testing each .patch file" /><testcase name="multisig__multisig.rsh.0" time="2.424" classname="test/Main.hs.verification-errors.testing each .patch file" /><testcase name="multisig__multisig.rsh.1" time="3.862" classname="test/Main.hs.verification-errors.testing each .patch file" /><testcase name="rps__rsh__rps_while.rsh.3" time="22.813" classname="test/Main.hs.verification-errors.testing each .patch file" /><testcase name="rps__rsh__rps_while.rsh.0" time="17.971" classname="test/Main.hs.verification-errors.testing each .patch file" /><testcase name="rps__rsh__rps.rsh.0" time="15.994" classname="test/Main.hs.verification-errors.testing each .patch file" /><testcase name="multisig__multisig.rsh.2" time="2.634" classname="test/Main.hs.verification-errors.testing each .patch file" /><testcase name="rps__rsh__rps.rsh.1" time="13.804" classname="test/Main.hs.verification-errors.testing each .patch file" /><testcase name="multisig__multisig.rsh.3" time="2.714" classname="test/Main.hs.verification-errors.testing each .patch file" /></testsuite></testsuite></testsuite></testsuites>