<?xml version='1.0' ?><testsuites errors="0" failures="0" tests="102" time="12.721"><testsuite name="test/Main.hs" tests="102"><testsuite name="nl-eval-errors" tests="54"><testsuite name="this subdir" tests="1"><testcase name="is not empty" time="0.000" classname="test/Main.hs.nl-eval-errors.this subdir" /></testsuite><testsuite name="testing each .rsh file" tests="53"><testcase name="Err_Eval_NotPublicIdent" time="0.111" classname="test/Main.hs.nl-eval-errors.testing each .rsh file" /><testcase name="Err_Form_InvalidArgs" time="0.088" classname="test/Main.hs.nl-eval-errors.testing each .rsh file" /><testcase name="Err_Eval_NotObject" time="0.196" classname="test/Main.hs.nl-eval-errors.testing each .rsh file" /><testcase name="Err_Decl_ObjectSpreadNotLast" time="0.020" classname="test/Main.hs.nl-eval-errors.testing each .rsh file" /><testcase name="Err_Parse_IllegalBinOp" time="0.173" classname="test/Main.hs.nl-eval-errors.testing each .rsh file" /><testcase name="Err_Module_Return" time="0.393" classname="test/Main.hs.nl-eval-errors.testing each .rsh file" /><testcase name="Err_Eval_ContinueNotInWhile" time="0.131" classname="test/Main.hs.nl-eval-errors.testing each .rsh file" /><testcase name="Err_Eval_IllegalMode" time="0.073" classname="test/Main.hs.nl-eval-errors.testing each .rsh file" /><testcase name="Err_Block_NotNull" time="0.199" classname="test/Main.hs.nl-eval-errors.testing each .rsh file" /><testcase name="Err_App_Interact_NotFirstOrder" time="0.044" classname="test/Main.hs.nl-eval-errors.testing each .rsh file" /><testcase name="Err_Decl_WrongArrayLength" time="0.092" classname="test/Main.hs.nl-eval-errors.testing each .rsh file" /><testcase name="Err_Prim_InvalidArgs" time="0.086" classname="test/Main.hs.nl-eval-errors.testing each .rsh file" /><testcase name="Err_App_InvalidInteract" time="0.011" classname="test/Main.hs.nl-eval-errors.testing each .rsh file" /><testcase name="Err_Unknowable_NotParticipant" time="0.082" classname="test/Main.hs.nl-eval-errors.testing each .rsh file" /><testcase name="Err_Eval_NotSecretIdent" time="0.017" classname="test/Main.hs.nl-eval-errors.testing each .rsh file" /><testcase name="Err_Block_While" time="0.012" classname="test/Main.hs.nl-eval-errors.testing each .rsh file" /><testcase name="Err_Eval_NotApplicable" time="0.063" classname="test/Main.hs.nl-eval-errors.testing each .rsh file" /><testcase name="Err_Eval_RefOutOfBounds" time="0.209" classname="test/Main.hs.nl-eval-errors.testing each .rsh file" /><testcase name="Err_Block_Variable" time="0.183" classname="test/Main.hs.nl-eval-errors.testing each .rsh file" /><testcase name="Err_Block_IllegalJS" time="0.019" classname="test/Main.hs.nl-eval-errors.testing each .rsh file" /><testcase name="Err_Block_Assign" time="0.028" classname="test/Main.hs.nl-eval-errors.testing each .rsh file" /><testcase name="Err_Parse_ExpectIdentifier" time="0.060" classname="test/Main.hs.nl-eval-errors.testing each .rsh file" /><testcase name="Err_Apply_ArgCount" time="0.101" classname="test/Main.hs.nl-eval-errors.testing each .rsh file" /><testcase name="Err_Obj_IllegalMethodDefinition" time="0.008" classname="test/Main.hs.nl-eval-errors.testing each .rsh file" /><testcase name="Err_ExpectedPrivate" time="0.093" classname="test/Main.hs.nl-eval-errors.testing each .rsh file" /><testcase name="Err_NoHeader" time="0.134" classname="test/Main.hs.nl-eval-errors.testing each .rsh file" /><testcase name="Err_Eval_ContinueNotLoopVariable" time="0.095" classname="test/Main.hs.nl-eval-errors.testing each .rsh file" /><testcase name="Err_Eval_IfCondNotBool" time="0.008" classname="test/Main.hs.nl-eval-errors.testing each .rsh file" /><testcase name="Err_Parse_NotCallLike" time="0.173" classname="test/Main.hs.nl-eval-errors.testing each .rsh file" /><testcase name="Err_Decl_NotObject" time="0.092" classname="test/Main.hs.nl-eval-errors.testing each .rsh file" /><testcase name="Err_Eval_RefNotInt" time="0.088" classname="test/Main.hs.nl-eval-errors.testing each .rsh file" /><testcase name="Err_Eval_UnboundId" time="0.143" classname="test/Main.hs.nl-eval-errors.testing each .rsh file" /><testcase name="Err_DeclLHS_IllegalJS" time="0.079" classname="test/Main.hs.nl-eval-errors.testing each .rsh file" /><testcase name="Err_Parse_CyclicImport" time="0.000" classname="test/Main.hs.nl-eval-errors.testing each .rsh file" /><testcase name="Err_App_PartUnderscore" time="0.091" classname="test/Main.hs.nl-eval-errors.testing each .rsh file" /><testcase name="Err_Shadowed" time="0.024" classname="test/Main.hs.nl-eval-errors.testing each .rsh file" /><testcase name="Err_Decl_NotRefable" time="0.068" classname="test/Main.hs.nl-eval-errors.testing each .rsh file" /><testcase name="Err_Parse_IllegalUnaOp" time="0.205" classname="test/Main.hs.nl-eval-errors.testing each .rsh file" /><testcase name="Err_Eval_LookupUnderscore" time="0.042" classname="test/Main.hs.nl-eval-errors.testing each .rsh file" /><testcase name="Err_Obj_IllegalComputedField" time="0.266" classname="test/Main.hs.nl-eval-errors.testing each .rsh file" /><testcase name="Err_Fun_NamesIllegal" time="0.188" classname="test/Main.hs.nl-eval-errors.testing each .rsh file" /><testcase name="Err_Dot_InvalidField" time="0.115" classname="test/Main.hs.nl-eval-errors.testing each .rsh file" /><testcase name="Err_Export_IllegalJS" time="0.193" classname="test/Main.hs.nl-eval-errors.testing each .rsh file" /><testcase name="Err_Eval_RefNotRefable" time="0.107" classname="test/Main.hs.nl-eval-errors.testing each .rsh file" /><testcase name="Err_Top_NotApp" time="0.080" classname="test/Main.hs.nl-eval-errors.testing each .rsh file" /><testcase name="Err_ToConsensus_TimeoutArgs" time="0.104" classname="test/Main.hs.nl-eval-errors.testing each .rsh file" /><testcase name="Err_Eval_IllegalJS" time="0.035" classname="test/Main.hs.nl-eval-errors.testing each .rsh file" /><testcase name="Err_TailNotEmpty" time="0.077" classname="test/Main.hs.nl-eval-errors.testing each .rsh file" /><testcase name="Err_Parse_ExpectIdentifierProp" time="0.030" classname="test/Main.hs.nl-eval-errors.testing each .rsh file" /><testcase name="Err_Obj_SpreadNotObj" time="0.072" classname="test/Main.hs.nl-eval-errors.testing each .rsh file" /><testcase name="Err_Obj_IllegalComputedField__interact" time="0.097" classname="test/Main.hs.nl-eval-errors.testing each .rsh file" /><testcase name="Err_Obj_IllegalNumberField" time="0.017" classname="test/Main.hs.nl-eval-errors.testing each .rsh file" /><testcase name="Err_App_InvalidPartSpec" time="0.072" classname="test/Main.hs.nl-eval-errors.testing each .rsh file" /></testsuite></testsuite><testsuite name="examples cover EvalError" tests="1"><testsuite name="nl-eval-errors" tests="1"><testcase name="covers all specified examples" time="0.031" classname="test/Main.hs.examples cover EvalError.nl-eval-errors" /></testsuite></testsuite><testsuite name="examples cover ParserError" tests="1"><testsuite name="nl-eval-errors" tests="1"><testcase name="covers all specified examples" time="0.007" classname="test/Main.hs.examples cover ParserError.nl-eval-errors" /></testsuite></testsuite><testsuite name="examples cover TypeError" tests="1"><testsuite name="nl-eval-errors" tests="1"><testcase name="covers all specified examples" time="0.002" classname="test/Main.hs.examples cover TypeError.nl-eval-errors" /></testsuite></testsuite><testsuite name="versionMatch" tests="1"><testsuite name="version" tests="1"><testcase name="is correct" time="0.000" classname="test/Main.hs.versionMatch.version" /></testsuite></testsuite><testsuite name="isFirstOrder" tests="4"><testsuite name="isFirstOrder" tests="4"><testcase name="returns True when obvs" time="0.000" classname="test/Main.hs.isFirstOrder.isFirstOrder" /><testcase name="returns False when obvs" time="0.000" classname="test/Main.hs.isFirstOrder.isFirstOrder" /><testcase name="returns True when less obvs" time="0.000" classname="test/Main.hs.isFirstOrder.isFirstOrder" /><testcase name="returns False when less obvs" time="0.000" classname="test/Main.hs.isFirstOrder.isFirstOrder" /></testsuite></testsuite><testsuite name="fromIntegerMay" tests="3"><testsuite name="fromIntegerMay" tests="3"><testcase name="does not overflow" time="0.000" classname="test/Main.hs.fromIntegerMay.fromIntegerMay" /><testcase name="does not underflow" time="0.000" classname="test/Main.hs.fromIntegerMay.fromIntegerMay" /><testcase name="works" time="0.000" classname="test/Main.hs.fromIntegerMay.fromIntegerMay" /></testsuite></testsuite><testcase name="fromIntegerMay intRoundTrip" time="0.000" classname="test/Main.hs" /><testsuite name="features" tests="8"><testsuite name="this subdir" tests="1"><testcase name="is not empty" time="0.000" classname="test/Main.hs.features.this subdir" /></testsuite><testsuite name="testing each .rsh file" tests="7"><testcase name="more_than_16_vars" time="0.331" classname="test/Main.hs.features.testing each .rsh file" /><testcase name="objects" time="0.263" classname="test/Main.hs.features.testing each .rsh file" /><testcase name="operator_aliases" time="0.124" classname="test/Main.hs.features.testing each .rsh file" /><testcase name="security_levels" time="0.278" classname="test/Main.hs.features.testing each .rsh file" /><testcase name="underscore" time="0.124" classname="test/Main.hs.features.testing each .rsh file" /><testcase name="objects_lifted" time="0.185" classname="test/Main.hs.features.testing each .rsh file" /><testcase name="typeof" time="0.211" classname="test/Main.hs.features.testing each .rsh file" /></testsuite></testsuite><testsuite name="non-features" tests="7"><testsuite name="this subdir" tests="1"><testcase name="is not empty" time="0.000" classname="test/Main.hs.non-features.this subdir" /></testsuite><testsuite name="testing each .rsh file" tests="6"><testcase name="object_spread_keys" time="0.259" classname="test/Main.hs.non-features.testing each .rsh file" /><testcase name="object_mutation" time="0.203" classname="test/Main.hs.non-features.testing each .rsh file" /><testcase name="interact_escape_only" time="0.209" classname="test/Main.hs.non-features.testing each .rsh file" /><testcase name="object_spread_must_have_keys" time="0.205" classname="test/Main.hs.non-features.testing each .rsh file" /><testcase name="fn_require_private" time="0.164" classname="test/Main.hs.non-features.testing each .rsh file" /><testcase name="js_parse_err" time="0.013" classname="test/Main.hs.non-features.testing each .rsh file" /></testsuite></testsuite><testsuite name="../../docs-src/x" tests="11"><testsuite name="this subdir" tests="1"><testcase name="is not empty" time="0.000" classname="test/Main.hs.../../docs-src/x.this subdir" /></testsuite><testsuite name="testing each .rsh file" tests="10"><testcase name="tut" time="0.148" classname="test/Main.hs.../../docs-src/x.testing each .rsh file" /><testcase name="tut-bad" time="0.505" classname="test/Main.hs.../../docs-src/x.testing each .rsh file" /><testcase name="tut" time="0.394" classname="test/Main.hs.../../docs-src/x.testing each .rsh file" /><testcase name="tut-fails" time="0.339" classname="test/Main.hs.../../docs-src/x.testing each .rsh file" /><testcase name="tut" time="0.854" classname="test/Main.hs.../../docs-src/x.testing each .rsh file" /><testcase name="tut" time="0.612" classname="test/Main.hs.../../docs-src/x.testing each .rsh file" /><testcase name="over-minimal-error" time="0.213" classname="test/Main.hs.../../docs-src/x.testing each .rsh file" /><testcase name="tut" time="0.253" classname="test/Main.hs.../../docs-src/x.testing each .rsh file" /><testcase name="over-minimal" time="0.385" classname="test/Main.hs.../../docs-src/x.testing each .rsh file" /><testcase name="tut" time="0.358" classname="test/Main.hs.../../docs-src/x.testing each .rsh file" /></testsuite></testsuite><testsuite name="nl-verify-errs" tests="8"><testsuite name="this subdir" tests="1"><testcase name="is not empty" time="0.000" classname="test/Main.hs.nl-verify-errs.this subdir" /></testsuite><testsuite name="testing each .rsh file" tests="7"><testcase name="assert_false" time="0.077" classname="test/Main.hs.nl-verify-errs.testing each .rsh file" /><testcase name="possible_false" time="0.104" classname="test/Main.hs.nl-verify-errs.testing each .rsh file" /><testcase name="assert_more_expr" time="0.178" classname="test/Main.hs.nl-verify-errs.testing each .rsh file" /><testcase name="impossible" time="0.090" classname="test/Main.hs.nl-verify-errs.testing each .rsh file" /><testcase name="require_false" time="0.077" classname="test/Main.hs.nl-verify-errs.testing each .rsh file" /><testcase name="assume_false" time="0.077" classname="test/Main.hs.nl-verify-errs.testing each .rsh file" /><testcase name="assert_gt" time="0.157" classname="test/Main.hs.nl-verify-errs.testing each .rsh file" /></testsuite></testsuite><testsuite name="nl-verify-noerrs" tests="2"><testsuite name="this subdir" tests="1"><testcase name="is not empty" time="0.000" classname="test/Main.hs.nl-verify-noerrs.this subdir" /></testsuite><testsuite name="testing each .rsh file" tests="1"><testcase name="assert_false_unreachable" time="0.103" classname="test/Main.hs.nl-verify-noerrs.testing each .rsh file" /></testsuite></testsuite></testsuite></testsuites>