<?xml version='1.0' ?><testsuites errors="0" failures="0" tests="62" time="91.741"><testsuite name="tests" tests="62"><testsuite name="parse-errors" tests="25"><testsuite name="Examples covering ParseErr" tests="1"><testcase name="list of constructors with missing examples is empty" time="0.000" classname="tests.parse-errors.Examples covering ParseErr" /></testsuite><testsuite name="this subdir" tests="1"><testcase name="is not empty" time="0.000" classname="tests.parse-errors.this subdir" /></testsuite><testsuite name="testing each .rshfile" tests="23"><testcase name="PE_HeaderProgram" time="0.000" classname="tests.parse-errors.testing each .rshfile" /><testcase name="PE_EmptyBody" time="0.081" classname="tests.parse-errors.testing each .rshfile" /><testcase name="PE_DoubleMain" time="0.000" classname="tests.parse-errors.testing each .rshfile" /><testcase name="PE_HeaderLibrary" time="0.000" classname="tests.parse-errors.testing each .rshfile" /><testcase name="PE_LetLHS" time="0.000" classname="tests.parse-errors.testing each .rshfile" /><testcase name="PE_Arg1" time="0.000" classname="tests.parse-errors.testing each .rshfile" /><testcase name="PE_LibraryMain" time="0.000" classname="tests.parse-errors.testing each .rshfile" /><testcase name="PE_Identifier" time="0.000" classname="tests.parse-errors.testing each .rshfile" /><testcase name="PE_Type" time="0.102" classname="tests.parse-errors.testing each .rshfile" /><testcase name="PE_BinaryOp" time="0.000" classname="tests.parse-errors.testing each .rshfile" /><testcase name="PE_Expression" time="0.001" classname="tests.parse-errors.testing each .rshfile" /><testcase name="PE_LibraryMain_lib" time="0.000" classname="tests.parse-errors.testing each .rshfile" /><testcase name="PE_UnaryOp" time="0.000" classname="tests.parse-errors.testing each .rshfile" /><testcase name="PE_NoMain" time="0.000" classname="tests.parse-errors.testing each .rshfile" /><testcase name="PE_Statement" time="0.000" classname="tests.parse-errors.testing each .rshfile" /><testcase name="PE_ArrowParams" time="0.001" classname="tests.parse-errors.testing each .rshfile" /><testcase name="PE_ContinueArgs" time="0.000" classname="tests.parse-errors.testing each .rshfile" /><testcase name="PE_BodyElement" time="0.000" classname="tests.parse-errors.testing each .rshfile" /><testcase name="PE_LibraryParticipants" time="0.000" classname="tests.parse-errors.testing each .rshfile" /><testcase name="PE_AfterReturn" time="0.000" classname="tests.parse-errors.testing each .rshfile" /><testcase name="PE_HeaderLibrary_lib" time="0.000" classname="tests.parse-errors.testing each .rshfile" /><testcase name="PE_LibraryParticipants_lib" time="0.087" classname="tests.parse-errors.testing each .rshfile" /><testcase name="PE_IfElse" time="0.000" classname="tests.parse-errors.testing each .rshfile" /></testsuite></testsuite><testsuite name="compile-errors" tests="24"><testsuite name="Examples covering CompileErr" tests="1"><testcase name="list of constructors with missing examples is empty" time="0.000" classname="tests.compile-errors.Examples covering CompileErr" /></testsuite><testsuite name="this subdir" tests="1"><testcase name="is not empty" time="0.000" classname="tests.compile-errors.this subdir" /></testsuite><testsuite name="testing each .rshfile" tests="22"><testcase name="CE_Shadowed" time="0.123" classname="tests.compile-errors.testing each .rshfile" /><testcase name="CE_ContinueNotInLoop" time="0.001" classname="tests.compile-errors.testing each .rshfile" /><testcase name="CE_VarNotVar" time="0.186" classname="tests.compile-errors.testing each .rshfile" /><testcase name="CE_ArrayUnitNotBT" time="0.188" classname="tests.compile-errors.testing each .rshfile" /><testcase name="CE_UnboundTypeVariable" time="0.030" classname="tests.compile-errors.testing each .rshfile" /><testcase name="CE_ExpectArray" time="0.180" classname="tests.compile-errors.testing each .rshfile" /><testcase name="CE_ContractReturns" time="0.054" classname="tests.compile-errors.testing each .rshfile" /><testcase name="CE_ContractLimitation" time="0.488" classname="tests.compile-errors.testing each .rshfile" /><testcase name="CE_TypeCount" time="0.076" classname="tests.compile-errors.testing each .rshfile" /><testcase name="CE_CannotApply" time="0.089" classname="tests.compile-errors.testing each .rshfile" /><testcase name="CE_Unreachable" time="0.515" classname="tests.compile-errors.testing each .rshfile" /><testcase name="CE_TypeMismatch" time="0.181" classname="tests.compile-errors.testing each .rshfile" /><testcase name="CE_ExpectedPublic" time="0.324" classname="tests.compile-errors.testing each .rshfile" /><testcase name="CE_WhileNoContinue" time="0.398" classname="tests.compile-errors.testing each .rshfile" /><testcase name="CE_UnknownVar" time="0.380" classname="tests.compile-errors.testing each .rshfile" /><testcase name="CE_UnknownRole" time="0.113" classname="tests.compile-errors.testing each .rshfile" /><testcase name="CE_VariableNotParticipant" time="0.095" classname="tests.compile-errors.testing each .rshfile" /><testcase name="CE_UnboundVariable" time="0.092" classname="tests.compile-errors.testing each .rshfile" /><testcase name="CE_LambdaArgCount" time="0.093" classname="tests.compile-errors.testing each .rshfile" /><testcase name="CE_LocalLimitation" time="0.341" classname="tests.compile-errors.testing each .rshfile" /><testcase name="CE_ArrayLenNotConstant" time="0.060" classname="tests.compile-errors.testing each .rshfile" /><testcase name="CE_HigherOrder" time="0.112" classname="tests.compile-errors.testing each .rshfile" /></testsuite></testsuite><testsuite name="verification-errors" tests="13"><testsuite name="this subdir" tests="1"><testcase name="is not empty" time="0.000" classname="tests.verification-errors.this subdir" /></testsuite><testsuite name="testing each .patchfile" tests="12"><testcase name="rps__rsh__rps.rsh.3" time="6.626" classname="tests.verification-errors.testing each .patchfile" /><testcase name="rps__rsh__rps_while.rsh.0" time="9.490" classname="tests.verification-errors.testing each .patchfile" /><testcase name="multisig__multisig.rsh.2" time="2.412" classname="tests.verification-errors.testing each .patchfile" /><testcase name="rps__rsh__rps.rsh.4" time="9.971" classname="tests.verification-errors.testing each .patchfile" /><testcase name="rps__rsh__rps_while.rsh.2" time="11.549" classname="tests.verification-errors.testing each .patchfile" /><testcase name="rps__rsh__rps_while.rsh.1" time="7.962" classname="tests.verification-errors.testing each .patchfile" /><testcase name="multisig__multisig.rsh.3" time="1.662" classname="tests.verification-errors.testing each .patchfile" /><testcase name="multisig__multisig.rsh.0" time="1.644" classname="tests.verification-errors.testing each .patchfile" /><testcase name="multisig__multisig.rsh.1" time="1.855" classname="tests.verification-errors.testing each .patchfile" /><testcase name="rps__rsh__rps.rsh.0" time="14.022" classname="tests.verification-errors.testing each .patchfile" /><testcase name="rps__rsh__rps.rsh.1" time="10.968" classname="tests.verification-errors.testing each .patchfile" /><testcase name="rps__rsh__rps_while.rsh.3" time="9.183" classname="tests.verification-errors.testing each .patchfile" /></testsuite></testsuite></testsuite></testsuites>