<?xml version='1.0' ?><testsuites errors="0" failures="0" tests="48" time="0.475"><testsuite name="test/Main.hs" tests="48"><testsuite name="fromIntegerMay" tests="3"><testsuite name="fromIntegerMay" tests="3"><testcase name="does not overflow" time="0.000" classname="test/Main.hs.fromIntegerMay.fromIntegerMay" /><testcase name="does not underflow" time="0.000" classname="test/Main.hs.fromIntegerMay.fromIntegerMay" /><testcase name="works" time="0.000" classname="test/Main.hs.fromIntegerMay.fromIntegerMay" /></testsuite></testsuite><testcase name="fromIntegerMay intRoundTrip" time="0.000" classname="test/Main.hs" /><testsuite name="nl-eval-errors" tests="44"><testsuite name="this subdir" tests="1"><testcase name="is not empty" time="0.000" classname="test/Main.hs.nl-eval-errors.this subdir" /></testsuite><testsuite name="testing each .rsh file" tests="43"><testcase name="Err_Eval_RefNotRefable" time="0.016" classname="test/Main.hs.nl-eval-errors.testing each .rsh file" /><testcase name="Err_Shadowed" time="0.002" classname="test/Main.hs.nl-eval-errors.testing each .rsh file" /><testcase name="Err_Eval_NotApplicable" time="0.001" classname="test/Main.hs.nl-eval-errors.testing each .rsh file" /><testcase name="Err_Block_Variable" time="0.001" classname="test/Main.hs.nl-eval-errors.testing each .rsh file" /><testcase name="Err_Export_IllegalJS" time="0.001" classname="test/Main.hs.nl-eval-errors.testing each .rsh file" /><testcase name="Err_Eval_IllegalContext" time="0.022" classname="test/Main.hs.nl-eval-errors.testing each .rsh file" /><testcase name="Err_Block_Assign" time="0.116" classname="test/Main.hs.nl-eval-errors.testing each .rsh file" /><testcase name="Err_Eval_ContinueNotLoopVariable" time="0.002" classname="test/Main.hs.nl-eval-errors.testing each .rsh file" /><testcase name="Err_Eval_NotObject" time="0.001" classname="test/Main.hs.nl-eval-errors.testing each .rsh file" /><testcase name="Err_App_InvalidPartSpec" time="0.002" classname="test/Main.hs.nl-eval-errors.testing each .rsh file" /><testcase name="Err_ExpectedPrivate" time="0.008" classname="test/Main.hs.nl-eval-errors.testing each .rsh file" /><testcase name="Err_Eval_UnboundId" time="0.006" classname="test/Main.hs.nl-eval-errors.testing each .rsh file" /><testcase name="Err_Parse_ExpectIdentifier" time="0.001" classname="test/Main.hs.nl-eval-errors.testing each .rsh file" /><testcase name="Err_Decl_NotRefable" time="0.003" classname="test/Main.hs.nl-eval-errors.testing each .rsh file" /><testcase name="Err_Form_InvalidArgs" time="0.004" classname="test/Main.hs.nl-eval-errors.testing each .rsh file" /><testcase name="Err_Eval_IllegalJS" time="0.007" classname="test/Main.hs.nl-eval-errors.testing each .rsh file" /><testcase name="Err_Parse_IllegalUnaOp" time="0.002" classname="test/Main.hs.nl-eval-errors.testing each .rsh file" /><testcase name="Err_Obj_IllegalNumberField" time="0.067" classname="test/Main.hs.nl-eval-errors.testing each .rsh file" /><testcase name="Err_Decl_WrongArrayLength" time="0.002" classname="test/Main.hs.nl-eval-errors.testing each .rsh file" /><testcase name="Err_Fun_NamesIllegal" time="0.002" classname="test/Main.hs.nl-eval-errors.testing each .rsh file" /><testcase name="Err_Eval_RefOutOfBounds" time="0.001" classname="test/Main.hs.nl-eval-errors.testing each .rsh file" /><testcase name="Err_ToConsensus_TimeoutArgs" time="0.001" classname="test/Main.hs.nl-eval-errors.testing each .rsh file" /><testcase name="Err_Obj_SpreadNotObj" time="0.002" classname="test/Main.hs.nl-eval-errors.testing each .rsh file" /><testcase name="Err_Eval_ContinueNotInWhile" time="0.021" classname="test/Main.hs.nl-eval-errors.testing each .rsh file" /><testcase name="Err_Obj_IllegalMethodDefinition" time="0.005" classname="test/Main.hs.nl-eval-errors.testing each .rsh file" /><testcase name="Err_Obj_IllegalComputedField" time="0.070" classname="test/Main.hs.nl-eval-errors.testing each .rsh file" /><testcase name="Err_Prim_InvalidArgs" time="0.004" classname="test/Main.hs.nl-eval-errors.testing each .rsh file" /><testcase name="Err_Top_NotApp" time="0.003" classname="test/Main.hs.nl-eval-errors.testing each .rsh file" /><testcase name="Err_DeclLHS_IllegalJS" time="0.002" classname="test/Main.hs.nl-eval-errors.testing each .rsh file" /><testcase name="Err_Apply_ArgCount" time="0.001" classname="test/Main.hs.nl-eval-errors.testing each .rsh file" /><testcase name="Err_Parse_IllegalBinOp" time="0.002" classname="test/Main.hs.nl-eval-errors.testing each .rsh file" /><testcase name="Err_NoHeader" time="0.006" classname="test/Main.hs.nl-eval-errors.testing each .rsh file" /><testcase name="Err_App_InvalidInteract" time="0.001" classname="test/Main.hs.nl-eval-errors.testing each .rsh file" /><testcase name="Err_Parse_CyclicImport" time="0.000" classname="test/Main.hs.nl-eval-errors.testing each .rsh file" /><testcase name="Err_TailNotEmpty" time="0.003" classname="test/Main.hs.nl-eval-errors.testing each .rsh file" /><testcase name="Err_Eval_RefNotInt" time="0.003" classname="test/Main.hs.nl-eval-errors.testing each .rsh file" /><testcase name="Err_Block_NotNull" time="0.003" classname="test/Main.hs.nl-eval-errors.testing each .rsh file" /><testcase name="Err_Module_Return" time="0.064" classname="test/Main.hs.nl-eval-errors.testing each .rsh file" /><testcase name="Err_Block_IllegalJS" time="0.002" classname="test/Main.hs.nl-eval-errors.testing each .rsh file" /><testcase name="Err_Dot_InvalidField" time="0.002" classname="test/Main.hs.nl-eval-errors.testing each .rsh file" /><testcase name="Err_ExpectedPublic" time="0.005" classname="test/Main.hs.nl-eval-errors.testing each .rsh file" /><testcase name="Err_Eval_IfCondNotBool" time="0.003" classname="test/Main.hs.nl-eval-errors.testing each .rsh file" /><testcase name="Err_Block_While" time="0.003" classname="test/Main.hs.nl-eval-errors.testing each .rsh file" /></testsuite></testsuite></testsuite></testsuites>