<?xml version='1.0' ?><testsuites errors="0" failures="0" tests="67" time="3.318"><testsuite name="test/Main.hs" tests="67"><testsuite name="parse-errors" tests="25"><testsuite name="Examples covering ParseErr" tests="1"><testcase name="list of constructors with missing examples is empty" time="0.000" classname="test/Main.hs.parse-errors.Examples covering ParseErr" /></testsuite><testsuite name="this subdir" tests="1"><testcase name="is not empty" time="0.000" classname="test/Main.hs.parse-errors.this subdir" /></testsuite><testsuite name="testing each .rsh file" tests="23"><testcase name="PE_IfElse" time="0.010" classname="test/Main.hs.parse-errors.testing each .rsh file" /><testcase name="PE_LibraryParticipants_lib" time="0.000" classname="test/Main.hs.parse-errors.testing each .rsh file" /><testcase name="PE_LibraryParticipants" time="0.000" classname="test/Main.hs.parse-errors.testing each .rsh file" /><testcase name="PE_EmptyBody" time="0.000" classname="test/Main.hs.parse-errors.testing each .rsh file" /><testcase name="PE_NoMain" time="0.000" classname="test/Main.hs.parse-errors.testing each .rsh file" /><testcase name="PE_Expression" time="0.000" classname="test/Main.hs.parse-errors.testing each .rsh file" /><testcase name="PE_Statement" time="0.000" classname="test/Main.hs.parse-errors.testing each .rsh file" /><testcase name="PE_HeaderLibrary" time="0.002" classname="test/Main.hs.parse-errors.testing each .rsh file" /><testcase name="PE_ContinueArgs" time="0.000" classname="test/Main.hs.parse-errors.testing each .rsh file" /><testcase name="PE_AfterReturn" time="0.000" classname="test/Main.hs.parse-errors.testing each .rsh file" /><testcase name="PE_DoubleMain" time="0.000" classname="test/Main.hs.parse-errors.testing each .rsh file" /><testcase name="PE_LetLHS" time="0.000" classname="test/Main.hs.parse-errors.testing each .rsh file" /><testcase name="PE_LibraryMain" time="0.000" classname="test/Main.hs.parse-errors.testing each .rsh file" /><testcase name="PE_HeaderProgram" time="0.000" classname="test/Main.hs.parse-errors.testing each .rsh file" /><testcase name="PE_HeaderLibrary_lib" time="0.002" classname="test/Main.hs.parse-errors.testing each .rsh file" /><testcase name="PE_BinaryOp" time="0.000" classname="test/Main.hs.parse-errors.testing each .rsh file" /><testcase name="PE_UnaryOp" time="0.000" classname="test/Main.hs.parse-errors.testing each .rsh file" /><testcase name="PE_ArrowParams" time="0.000" classname="test/Main.hs.parse-errors.testing each .rsh file" /><testcase name="PE_Identifier" time="0.000" classname="test/Main.hs.parse-errors.testing each .rsh file" /><testcase name="PE_LibraryMain_lib" time="0.000" classname="test/Main.hs.parse-errors.testing each .rsh file" /><testcase name="PE_Arg1" time="0.001" classname="test/Main.hs.parse-errors.testing each .rsh file" /><testcase name="PE_BodyElement" time="0.000" classname="test/Main.hs.parse-errors.testing each .rsh file" /><testcase name="PE_Type" time="0.000" classname="test/Main.hs.parse-errors.testing each .rsh file" /></testsuite></testsuite><testsuite name="compile-errors" tests="24"><testsuite name="Examples covering CompileErr" tests="1"><testcase name="list of constructors with missing examples is empty" time="0.000" classname="test/Main.hs.compile-errors.Examples covering CompileErr" /></testsuite><testsuite name="this subdir" tests="1"><testcase name="is not empty" time="0.000" classname="test/Main.hs.compile-errors.this subdir" /></testsuite><testsuite name="testing each .rsh file" tests="22"><testcase name="CE_VariableNotParticipant" time="0.199" classname="test/Main.hs.compile-errors.testing each .rsh file" /><testcase name="CE_ContinueNotInLoop" time="0.001" classname="test/Main.hs.compile-errors.testing each .rsh file" /><testcase name="CE_Shadowed" time="0.177" classname="test/Main.hs.compile-errors.testing each .rsh file" /><testcase name="CE_ExpectArray" time="0.116" classname="test/Main.hs.compile-errors.testing each .rsh file" /><testcase name="CE_LocalLimitation" time="0.191" classname="test/Main.hs.compile-errors.testing each .rsh file" /><testcase name="CE_ExpectedPublic" time="0.196" classname="test/Main.hs.compile-errors.testing each .rsh file" /><testcase name="CE_ArrayLenNotConstant" time="0.294" classname="test/Main.hs.compile-errors.testing each .rsh file" /><testcase name="CE_VarNotVar" time="0.131" classname="test/Main.hs.compile-errors.testing each .rsh file" /><testcase name="CE_ContractReturns" time="0.094" classname="test/Main.hs.compile-errors.testing each .rsh file" /><testcase name="CE_TypeCount" time="0.273" classname="test/Main.hs.compile-errors.testing each .rsh file" /><testcase name="CE_HigherOrder" time="0.213" classname="test/Main.hs.compile-errors.testing each .rsh file" /><testcase name="CE_ArrayUnitNotBT" time="0.292" classname="test/Main.hs.compile-errors.testing each .rsh file" /><testcase name="CE_TypeMismatch" time="0.095" classname="test/Main.hs.compile-errors.testing each .rsh file" /><testcase name="CE_UnknownVar" time="0.107" classname="test/Main.hs.compile-errors.testing each .rsh file" /><testcase name="CE_Unreachable" time="0.000" classname="test/Main.hs.compile-errors.testing each .rsh file" /><testcase name="CE_CannotApply" time="0.015" classname="test/Main.hs.compile-errors.testing each .rsh file" /><testcase name="CE_UnknownRole" time="0.094" classname="test/Main.hs.compile-errors.testing each .rsh file" /><testcase name="CE_ContractLimitation" time="0.097" classname="test/Main.hs.compile-errors.testing each .rsh file" /><testcase name="CE_WhileNoContinue" time="0.192" classname="test/Main.hs.compile-errors.testing each .rsh file" /><testcase name="CE_UnboundVariable" time="0.032" classname="test/Main.hs.compile-errors.testing each .rsh file" /><testcase name="CE_UnboundTypeVariable" time="0.177" classname="test/Main.hs.compile-errors.testing each .rsh file" /><testcase name="CE_LambdaArgCount" time="0.193" classname="test/Main.hs.compile-errors.testing each .rsh file" /></testsuite></testsuite><testsuite name="fromIntegerMay" tests="3"><testsuite name="fromIntegerMay" tests="3"><testcase name="does not overflow" time="0.000" classname="test/Main.hs.fromIntegerMay.fromIntegerMay" /><testcase name="does not underflow" time="0.000" classname="test/Main.hs.fromIntegerMay.fromIntegerMay" /><testcase name="works" time="0.000" classname="test/Main.hs.fromIntegerMay.fromIntegerMay" /></testsuite></testsuite><testcase name="fromIntegerMay intRoundTrip" time="0.000" classname="test/Main.hs" /><testsuite name="nl-eval-errors" tests="14"><testsuite name="this subdir" tests="1"><testcase name="is not empty" time="0.000" classname="test/Main.hs.nl-eval-errors.this subdir" /></testsuite><testsuite name="testing each .rsh file" tests="13"><testcase name="Err_Parse_ExpectIdentifier" time="0.004" classname="test/Main.hs.nl-eval-errors.testing each .rsh file" /><testcase name="Err_Eval_IllegalContext" time="0.002" classname="test/Main.hs.nl-eval-errors.testing each .rsh file" /><testcase name="Err_Block_IllegalJS" time="0.002" classname="test/Main.hs.nl-eval-errors.testing each .rsh file" /><testcase name="Err_Block_While" time="0.004" classname="test/Main.hs.nl-eval-errors.testing each .rsh file" /><testcase name="Err_Parse_IllegalBinOp" time="0.004" classname="test/Main.hs.nl-eval-errors.testing each .rsh file" /><testcase name="Err_Parse_IllegalUnaOp" time="0.091" classname="test/Main.hs.nl-eval-errors.testing each .rsh file" /><testcase name="Err_App_InvalidPartSpec" time="0.005" classname="test/Main.hs.nl-eval-errors.testing each .rsh file" /><testcase name="Err_Block_NotNull" time="0.003" classname="test/Main.hs.nl-eval-errors.testing each .rsh file" /><testcase name="Err_Block_Variable" time="0.003" classname="test/Main.hs.nl-eval-errors.testing each .rsh file" /><testcase name="Err_Parse_CyclicImport" time="0.000" classname="test/Main.hs.nl-eval-errors.testing each .rsh file" /><testcase name="Err_App_InvalidInteract" time="0.002" classname="test/Main.hs.nl-eval-errors.testing each .rsh file" /><testcase name="Err_Apply_ArgCount" time="0.003" classname="test/Main.hs.nl-eval-errors.testing each .rsh file" /><testcase name="Err_Block_Assign" time="0.002" classname="test/Main.hs.nl-eval-errors.testing each .rsh file" /></testsuite></testsuite></testsuite></testsuites>