<?xml version='1.0' ?><testsuites errors="0" failures="0" tests="120" time="20.312"><testsuite name="test/Main.hs" tests="120"><testsuite name="features" tests="12"><testsuite name="this subdir" tests="1"><testcase name="is not empty" time="0.000" classname="test/Main.hs.features.this subdir" /></testsuite><testsuite name="testing each .rsh file" tests="11"><testcase name="objects" time="0.077" classname="test/Main.hs.features.testing each .rsh file" /><testcase name="underscore" time="0.076" classname="test/Main.hs.features.testing each .rsh file" /><testcase name="arrays" time="0.160" classname="test/Main.hs.features.testing each .rsh file" /><testcase name="security_levels" time="0.133" classname="test/Main.hs.features.testing each .rsh file" /><testcase name="objects_lifted" time="0.364" classname="test/Main.hs.features.testing each .rsh file" /><testcase name="more_than_16_vars" time="0.249" classname="test/Main.hs.features.testing each .rsh file" /><testcase name="bytes_eq_consensus" time="0.286" classname="test/Main.hs.features.testing each .rsh file" /><testcase name="operator_aliases" time="0.092" classname="test/Main.hs.features.testing each .rsh file" /><testcase name="rhs_array_spread" time="0.205" classname="test/Main.hs.features.testing each .rsh file" /><testcase name="typeof" time="0.044" classname="test/Main.hs.features.testing each .rsh file" /><testcase name="lhs_array_spread" time="0.192" classname="test/Main.hs.features.testing each .rsh file" /></testsuite></testsuite><testsuite name="non-features" tests="7"><testsuite name="this subdir" tests="1"><testcase name="is not empty" time="0.000" classname="test/Main.hs.non-features.this subdir" /></testsuite><testsuite name="testing each .rsh file" tests="6"><testcase name="fn_require_private" time="0.078" classname="test/Main.hs.non-features.testing each .rsh file" /><testcase name="object_mutation" time="0.203" classname="test/Main.hs.non-features.testing each .rsh file" /><testcase name="object_spread_keys" time="0.072" classname="test/Main.hs.non-features.testing each .rsh file" /><testcase name="js_parse_err" time="0.023" classname="test/Main.hs.non-features.testing each .rsh file" /><testcase name="interact_escape_only" time="0.157" classname="test/Main.hs.non-features.testing each .rsh file" /><testcase name="object_spread_must_have_keys" time="0.193" classname="test/Main.hs.non-features.testing each .rsh file" /></testsuite></testsuite><testsuite name="../../examples/" tests="22"><testsuite name="this subdir" tests="1"><testcase name="is not empty" time="0.000" classname="test/Main.hs.../../examples/.this subdir" /></testsuite><testsuite name="testing each .rsh file" tests="21"><testcase name="index" time="2.191" classname="test/Main.hs.../../examples/.testing each .rsh file" /><testcase name="index" time="0.077" classname="test/Main.hs.../../examples/.testing each .rsh file" /><testcase name="index" time="0.091" classname="test/Main.hs.../../examples/.testing each .rsh file" /><testcase name="index" time="0.835" classname="test/Main.hs.../../examples/.testing each .rsh file" /><testcase name="index" time="0.596" classname="test/Main.hs.../../examples/.testing each .rsh file" /><testcase name="index" time="0.164" classname="test/Main.hs.../../examples/.testing each .rsh file" /><testcase name="index" time="0.756" classname="test/Main.hs.../../examples/.testing each .rsh file" /><testcase name="index" time="0.524" classname="test/Main.hs.../../examples/.testing each .rsh file" /><testcase name="index-fails" time="0.254" classname="test/Main.hs.../../examples/.testing each .rsh file" /><testcase name="index-bad" time="0.223" classname="test/Main.hs.../../examples/.testing each .rsh file" /><testcase name="index" time="0.238" classname="test/Main.hs.../../examples/.testing each .rsh file" /><testcase name="index" time="0.461" classname="test/Main.hs.../../examples/.testing each .rsh file" /><testcase name="index" time="0.064" classname="test/Main.hs.../../examples/.testing each .rsh file" /><testcase name="index" time="0.871" classname="test/Main.hs.../../examples/.testing each .rsh file" /><testcase name="index" time="0.804" classname="test/Main.hs.../../examples/.testing each .rsh file" /><testcase name="index" time="0.296" classname="test/Main.hs.../../examples/.testing each .rsh file" /><testcase name="index-error" time="0.234" classname="test/Main.hs.../../examples/.testing each .rsh file" /><testcase name="index" time="3.059" classname="test/Main.hs.../../examples/.testing each .rsh file" /><testcase name="index" time="0.607" classname="test/Main.hs.../../examples/.testing each .rsh file" /><testcase name="index" time="0.210" classname="test/Main.hs.../../examples/.testing each .rsh file" /><testcase name="index" time="0.778" classname="test/Main.hs.../../examples/.testing each .rsh file" /></testsuite></testsuite><testsuite name="nl-eval-errors" tests="56"><testsuite name="this subdir" tests="1"><testcase name="is not empty" time="0.000" classname="test/Main.hs.nl-eval-errors.this subdir" /></testsuite><testsuite name="testing each .rsh file" tests="55"><testcase name="Err_Unknowable_NotParticipant" time="0.013" classname="test/Main.hs.nl-eval-errors.testing each .rsh file" /><testcase name="Err_Eval_UnboundId" time="0.005" classname="test/Main.hs.nl-eval-errors.testing each .rsh file" /><testcase name="Err_Obj_IllegalMethodDefinition" time="0.008" classname="test/Main.hs.nl-eval-errors.testing each .rsh file" /><testcase name="Err_Block_Assign" time="0.057" classname="test/Main.hs.nl-eval-errors.testing each .rsh file" /><testcase name="Err_Block_Variable" time="0.038" classname="test/Main.hs.nl-eval-errors.testing each .rsh file" /><testcase name="Err_Decl_NotRefable" time="0.038" classname="test/Main.hs.nl-eval-errors.testing each .rsh file" /><testcase name="Err_Eval_IfCondNotBool" time="0.133" classname="test/Main.hs.nl-eval-errors.testing each .rsh file" /><testcase name="Err_App_PartUnderscore" time="0.111" classname="test/Main.hs.nl-eval-errors.testing each .rsh file" /><testcase name="Err_TailNotEmpty" time="0.111" classname="test/Main.hs.nl-eval-errors.testing each .rsh file" /><testcase name="Err_Parse_ExpectIdentifier" time="0.196" classname="test/Main.hs.nl-eval-errors.testing each .rsh file" /><testcase name="Err_Decl_ArraySpreadNotLast" time="0.192" classname="test/Main.hs.nl-eval-errors.testing each .rsh file" /><testcase name="Err_Fun_NamesIllegal" time="0.106" classname="test/Main.hs.nl-eval-errors.testing each .rsh file" /><testcase name="Err_ExpectedPrivate" time="0.105" classname="test/Main.hs.nl-eval-errors.testing each .rsh file" /><testcase name="Err_Obj_SpreadNotObj" time="0.004" classname="test/Main.hs.nl-eval-errors.testing each .rsh file" /><testcase name="Err_Obj_IllegalNumberField" time="0.004" classname="test/Main.hs.nl-eval-errors.testing each .rsh file" /><testcase name="Err_Decl_WrongArrayLength" time="0.142" classname="test/Main.hs.nl-eval-errors.testing each .rsh file" /><testcase name="Err_Block_IllegalJS" time="0.029" classname="test/Main.hs.nl-eval-errors.testing each .rsh file" /><testcase name="Err_Eval_NotObject" time="0.016" classname="test/Main.hs.nl-eval-errors.testing each .rsh file" /><testcase name="Err_Block_NotNull" time="0.006" classname="test/Main.hs.nl-eval-errors.testing each .rsh file" /><testcase name="Err_Parse_CyclicImport" time="0.000" classname="test/Main.hs.nl-eval-errors.testing each .rsh file" /><testcase name="Err_Eval_ContinueNotInWhile" time="0.006" classname="test/Main.hs.nl-eval-errors.testing each .rsh file" /><testcase name="Err_Block_While" time="0.006" classname="test/Main.hs.nl-eval-errors.testing each .rsh file" /><testcase name="Err_Eval_RefNotInt" time="0.085" classname="test/Main.hs.nl-eval-errors.testing each .rsh file" /><testcase name="Err_Shadowed" time="0.008" classname="test/Main.hs.nl-eval-errors.testing each .rsh file" /><testcase name="Err_Parse_IllegalBinOp" time="0.063" classname="test/Main.hs.nl-eval-errors.testing each .rsh file" /><testcase name="Err_App_InvalidPartSpec" time="0.042" classname="test/Main.hs.nl-eval-errors.testing each .rsh file" /><testcase name="Err_Dot_InvalidField" time="0.127" classname="test/Main.hs.nl-eval-errors.testing each .rsh file" /><testcase name="Err_Obj_IllegalComputedField" time="0.055" classname="test/Main.hs.nl-eval-errors.testing each .rsh file" /><testcase name="Err_Parse_ExpectIdentifierProp" time="0.010" classname="test/Main.hs.nl-eval-errors.testing each .rsh file" /><testcase name="Err_Eval_NotApplicable" time="0.004" classname="test/Main.hs.nl-eval-errors.testing each .rsh file" /><testcase name="Err_Prim_InvalidArgs" time="0.014" classname="test/Main.hs.nl-eval-errors.testing each .rsh file" /><testcase name="Err_Eval_NotPublicIdent" time="0.116" classname="test/Main.hs.nl-eval-errors.testing each .rsh file" /><testcase name="Err_Parse_IllegalUnaOp" time="0.052" classname="test/Main.hs.nl-eval-errors.testing each .rsh file" /><testcase name="Err_Module_Return" time="0.060" classname="test/Main.hs.nl-eval-errors.testing each .rsh file" /><testcase name="Err_Form_InvalidArgs" time="0.035" classname="test/Main.hs.nl-eval-errors.testing each .rsh file" /><testcase name="Err_DeclLHS_IllegalJS" time="0.010" classname="test/Main.hs.nl-eval-errors.testing each .rsh file" /><testcase name="Err_Parse_NotCallLike" time="0.103" classname="test/Main.hs.nl-eval-errors.testing each .rsh file" /><testcase name="Err_Obj_IllegalComputedField__interact" time="0.187" classname="test/Main.hs.nl-eval-errors.testing each .rsh file" /><testcase name="Err_Eval_LookupUnderscore" time="0.113" classname="test/Main.hs.nl-eval-errors.testing each .rsh file" /><testcase name="Err_Apply_ArgCount" time="0.009" classname="test/Main.hs.nl-eval-errors.testing each .rsh file" /><testcase name="Err_App_InvalidInteract" time="0.082" classname="test/Main.hs.nl-eval-errors.testing each .rsh file" /><testcase name="Err_NoHeader" time="0.008" classname="test/Main.hs.nl-eval-errors.testing each .rsh file" /><testcase name="Err_Eval_NotSecretIdent" time="0.009" classname="test/Main.hs.nl-eval-errors.testing each .rsh file" /><testcase name="Err_App_Interact_NotFirstOrder" time="0.072" classname="test/Main.hs.nl-eval-errors.testing each .rsh file" /><testcase name="Err_Export_IllegalJS" time="0.028" classname="test/Main.hs.nl-eval-errors.testing each .rsh file" /><testcase name="Err_Decl_NotObject" time="0.038" classname="test/Main.hs.nl-eval-errors.testing each .rsh file" /><testcase name="Err_Eval_ContinueNotLoopVariable" time="0.057" classname="test/Main.hs.nl-eval-errors.testing each .rsh file" /><testcase name="Err_Eval_NotSpreadable" time="0.004" classname="test/Main.hs.nl-eval-errors.testing each .rsh file" /><testcase name="Err_Eval_IllegalJS" time="0.097" classname="test/Main.hs.nl-eval-errors.testing each .rsh file" /><testcase name="Err_Eval_RefNotRefable" time="0.052" classname="test/Main.hs.nl-eval-errors.testing each .rsh file" /><testcase name="Err_Top_NotApp" time="0.134" classname="test/Main.hs.nl-eval-errors.testing each .rsh file" /><testcase name="Err_Decl_ObjectSpreadNotLast" time="0.105" classname="test/Main.hs.nl-eval-errors.testing each .rsh file" /><testcase name="Err_Eval_RefOutOfBounds" time="0.022" classname="test/Main.hs.nl-eval-errors.testing each .rsh file" /><testcase name="Err_Eval_IllegalMode" time="0.258" classname="test/Main.hs.nl-eval-errors.testing each .rsh file" /><testcase name="Err_ToConsensus_TimeoutArgs" time="0.033" classname="test/Main.hs.nl-eval-errors.testing each .rsh file" /></testsuite></testsuite><testsuite name="examples cover EvalError" tests="1"><testsuite name="nl-eval-errors" tests="1"><testcase name="covers all specified examples" time="0.004" classname="test/Main.hs.examples cover EvalError.nl-eval-errors" /></testsuite></testsuite><testsuite name="examples cover ParserError" tests="1"><testsuite name="nl-eval-errors" tests="1"><testcase name="covers all specified examples" time="0.002" classname="test/Main.hs.examples cover ParserError.nl-eval-errors" /></testsuite></testsuite><testsuite name="examples cover TypeError" tests="1"><testsuite name="nl-eval-errors" tests="1"><testcase name="covers all specified examples" time="0.009" classname="test/Main.hs.examples cover TypeError.nl-eval-errors" /></testsuite></testsuite><testsuite name="versionMatch" tests="1"><testsuite name="version" tests="1"><testcase name="is correct" time="0.000" classname="test/Main.hs.versionMatch.version" /></testsuite></testsuite><testsuite name="nl-verify-errs" tests="8"><testsuite name="this subdir" tests="1"><testcase name="is not empty" time="0.000" classname="test/Main.hs.nl-verify-errs.this subdir" /></testsuite><testsuite name="testing each .rsh file" tests="7"><testcase name="assume_false" time="0.162" classname="test/Main.hs.nl-verify-errs.testing each .rsh file" /><testcase name="impossible" time="0.044" classname="test/Main.hs.nl-verify-errs.testing each .rsh file" /><testcase name="assert_gt" time="0.084" classname="test/Main.hs.nl-verify-errs.testing each .rsh file" /><testcase name="assert_false" time="0.167" classname="test/Main.hs.nl-verify-errs.testing each .rsh file" /><testcase name="require_false" time="0.128" classname="test/Main.hs.nl-verify-errs.testing each .rsh file" /><testcase name="assert_more_expr" time="0.030" classname="test/Main.hs.nl-verify-errs.testing each .rsh file" /><testcase name="possible_false" time="0.080" classname="test/Main.hs.nl-verify-errs.testing each .rsh file" /></testsuite></testsuite><testsuite name="nl-verify-noerrs" tests="3"><testsuite name="this subdir" tests="1"><testcase name="is not empty" time="0.000" classname="test/Main.hs.nl-verify-noerrs.this subdir" /></testsuite><testsuite name="testing each .rsh file" tests="2"><testcase name="assert_false_unreachable" time="0.099" classname="test/Main.hs.nl-verify-noerrs.testing each .rsh file" /><testcase name="bytes_eq" time="0.147" classname="test/Main.hs.nl-verify-noerrs.testing each .rsh file" /></testsuite></testsuite><testsuite name="fromIntegerMay" tests="3"><testsuite name="fromIntegerMay" tests="3"><testcase name="does not overflow" time="0.000" classname="test/Main.hs.fromIntegerMay.fromIntegerMay" /><testcase name="does not underflow" time="0.000" classname="test/Main.hs.fromIntegerMay.fromIntegerMay" /><testcase name="works" time="0.000" classname="test/Main.hs.fromIntegerMay.fromIntegerMay" /></testsuite></testsuite><testcase name="fromIntegerMay intRoundTrip" time="0.000" classname="test/Main.hs" /><testsuite name="isFirstOrder" tests="4"><testsuite name="isFirstOrder" tests="4"><testcase name="returns True when obvs" time="0.000" classname="test/Main.hs.isFirstOrder.isFirstOrder" /><testcase name="returns False when obvs" time="0.000" classname="test/Main.hs.isFirstOrder.isFirstOrder" /><testcase name="returns True when less obvs" time="0.000" classname="test/Main.hs.isFirstOrder.isFirstOrder" /><testcase name="returns False when less obvs" time="0.000" classname="test/Main.hs.isFirstOrder.isFirstOrder" /></testsuite></testsuite></testsuite></testsuites>