<?xml version='1.0' ?><testsuites errors="0" failures="0" tests="124" time="21.327"><testsuite name="test/Main.hs" tests="124"><testsuite name="features" tests="12"><testsuite name="this subdir" tests="1"><testcase name="is not empty" time="0.000" classname="test/Main.hs.features.this subdir" /></testsuite><testsuite name="testing each .rsh file" tests="11"><testcase name="operator_aliases" time="0.278" classname="test/Main.hs.features.testing each .rsh file" /><testcase name="underscore" time="0.153" classname="test/Main.hs.features.testing each .rsh file" /><testcase name="lhs_array_spread" time="0.211" classname="test/Main.hs.features.testing each .rsh file" /><testcase name="objects_lifted" time="0.375" classname="test/Main.hs.features.testing each .rsh file" /><testcase name="rhs_array_spread" time="0.212" classname="test/Main.hs.features.testing each .rsh file" /><testcase name="arrays" time="0.252" classname="test/Main.hs.features.testing each .rsh file" /><testcase name="bytes_eq_consensus" time="0.202" classname="test/Main.hs.features.testing each .rsh file" /><testcase name="security_levels" time="0.113" classname="test/Main.hs.features.testing each .rsh file" /><testcase name="objects" time="0.064" classname="test/Main.hs.features.testing each .rsh file" /><testcase name="more_than_16_vars" time="0.342" classname="test/Main.hs.features.testing each .rsh file" /><testcase name="typeof" time="0.130" classname="test/Main.hs.features.testing each .rsh file" /></testsuite></testsuite><testsuite name="non-features" tests="8"><testsuite name="this subdir" tests="1"><testcase name="is not empty" time="0.000" classname="test/Main.hs.non-features.this subdir" /></testsuite><testsuite name="testing each .rsh file" tests="7"><testcase name="part_field" time="0.079" classname="test/Main.hs.non-features.testing each .rsh file" /><testcase name="js_parse_err" time="0.003" classname="test/Main.hs.non-features.testing each .rsh file" /><testcase name="object_mutation" time="0.101" classname="test/Main.hs.non-features.testing each .rsh file" /><testcase name="interact_escape_only" time="0.192" classname="test/Main.hs.non-features.testing each .rsh file" /><testcase name="fn_require_private" time="0.096" classname="test/Main.hs.non-features.testing each .rsh file" /><testcase name="object_spread_must_have_keys" time="0.088" classname="test/Main.hs.non-features.testing each .rsh file" /><testcase name="object_spread_keys" time="0.008" classname="test/Main.hs.non-features.testing each .rsh file" /></testsuite></testsuite><testsuite name="../../examples/" tests="22"><testsuite name="this subdir" tests="1"><testcase name="is not empty" time="0.000" classname="test/Main.hs.../../examples/.this subdir" /></testsuite><testsuite name="testing each .rsh file" tests="21"><testcase name="index" time="0.686" classname="test/Main.hs.../../examples/.testing each .rsh file" /><testcase name="index" time="0.228" classname="test/Main.hs.../../examples/.testing each .rsh file" /><testcase name="index" time="0.107" classname="test/Main.hs.../../examples/.testing each .rsh file" /><testcase name="index" time="0.307" classname="test/Main.hs.../../examples/.testing each .rsh file" /><testcase name="index" time="0.373" classname="test/Main.hs.../../examples/.testing each .rsh file" /><testcase name="index-error" time="0.349" classname="test/Main.hs.../../examples/.testing each .rsh file" /><testcase name="index" time="0.447" classname="test/Main.hs.../../examples/.testing each .rsh file" /><testcase name="index" time="0.711" classname="test/Main.hs.../../examples/.testing each .rsh file" /><testcase name="index" time="0.197" classname="test/Main.hs.../../examples/.testing each .rsh file" /><testcase name="index" time="0.298" classname="test/Main.hs.../../examples/.testing each .rsh file" /><testcase name="index-fails" time="0.099" classname="test/Main.hs.../../examples/.testing each .rsh file" /><testcase name="index-bad" time="0.403" classname="test/Main.hs.../../examples/.testing each .rsh file" /><testcase name="index" time="0.204" classname="test/Main.hs.../../examples/.testing each .rsh file" /><testcase name="index" time="0.281" classname="test/Main.hs.../../examples/.testing each .rsh file" /><testcase name="index" time="0.216" classname="test/Main.hs.../../examples/.testing each .rsh file" /><testcase name="index" time="2.188" classname="test/Main.hs.../../examples/.testing each .rsh file" /><testcase name="index" time="1.216" classname="test/Main.hs.../../examples/.testing each .rsh file" /><testcase name="index" time="0.400" classname="test/Main.hs.../../examples/.testing each .rsh file" /><testcase name="index" time="1.069" classname="test/Main.hs.../../examples/.testing each .rsh file" /><testcase name="index" time="0.299" classname="test/Main.hs.../../examples/.testing each .rsh file" /><testcase name="index" time="2.131" classname="test/Main.hs.../../examples/.testing each .rsh file" /></testsuite></testsuite><testsuite name="nl-eval-errors" tests="59"><testsuite name="this subdir" tests="1"><testcase name="is not empty" time="0.000" classname="test/Main.hs.nl-eval-errors.this subdir" /></testsuite><testsuite name="testing each .rsh file" tests="58"><testcase name="Err_Eval_ContinueNotInWhile" time="0.008" classname="test/Main.hs.nl-eval-errors.testing each .rsh file" /><testcase name="Err_Block_NotNull" time="0.270" classname="test/Main.hs.nl-eval-errors.testing each .rsh file" /><testcase name="Err_Decl_NotRefable" time="0.117" classname="test/Main.hs.nl-eval-errors.testing each .rsh file" /><testcase name="Err_ToConsensus_TimeoutArgs" time="0.012" classname="test/Main.hs.nl-eval-errors.testing each .rsh file" /><testcase name="Err_Eval_NotApplicable" time="0.266" classname="test/Main.hs.nl-eval-errors.testing each .rsh file" /><testcase name="Err_NoHeader" time="0.233" classname="test/Main.hs.nl-eval-errors.testing each .rsh file" /><testcase name="Err_Eval_IllegalMode" time="0.165" classname="test/Main.hs.nl-eval-errors.testing each .rsh file" /><testcase name="Err_Parse_ImportDotDot" time="0.000" classname="test/Main.hs.nl-eval-errors.testing each .rsh file" /><testcase name="Err_Parse_ImportAbsolute" time="0.000" classname="test/Main.hs.nl-eval-errors.testing each .rsh file" /><testcase name="Err_Eval_ContinueNotLoopVariable" time="0.223" classname="test/Main.hs.nl-eval-errors.testing each .rsh file" /><testcase name="Err_Decl_NotObject" time="0.098" classname="test/Main.hs.nl-eval-errors.testing each .rsh file" /><testcase name="Err_Apply_ArgCount" time="0.188" classname="test/Main.hs.nl-eval-errors.testing each .rsh file" /><testcase name="Err_Obj_IllegalComputedField__interact" time="0.014" classname="test/Main.hs.nl-eval-errors.testing each .rsh file" /><testcase name="Err_Block_Assign" time="0.177" classname="test/Main.hs.nl-eval-errors.testing each .rsh file" /><testcase name="Err_TailNotEmpty" time="0.010" classname="test/Main.hs.nl-eval-errors.testing each .rsh file" /><testcase name="Err_Block_IllegalJS" time="0.009" classname="test/Main.hs.nl-eval-errors.testing each .rsh file" /><testcase name="Err_Form_InvalidArgs" time="0.013" classname="test/Main.hs.nl-eval-errors.testing each .rsh file" /><testcase name="sample_lib" time="0.006" classname="test/Main.hs.nl-eval-errors.testing each .rsh file" /><testcase name="Err_ExpectedPrivate" time="0.094" classname="test/Main.hs.nl-eval-errors.testing each .rsh file" /><testcase name="Err_App_InvalidInteract" time="0.099" classname="test/Main.hs.nl-eval-errors.testing each .rsh file" /><testcase name="Err_Top_NotApp" time="0.077" classname="test/Main.hs.nl-eval-errors.testing each .rsh file" /><testcase name="Err_Parse_ExpectIdentifier" time="0.093" classname="test/Main.hs.nl-eval-errors.testing each .rsh file" /><testcase name="Err_Obj_IllegalNumberField" time="0.098" classname="test/Main.hs.nl-eval-errors.testing each .rsh file" /><testcase name="Err_Block_Variable" time="0.013" classname="test/Main.hs.nl-eval-errors.testing each .rsh file" /><testcase name="Err_Unknowable_NotParticipant" time="0.098" classname="test/Main.hs.nl-eval-errors.testing each .rsh file" /><testcase name="Err_DeclLHS_IllegalJS" time="0.014" classname="test/Main.hs.nl-eval-errors.testing each .rsh file" /><testcase name="Err_App_InvalidPartSpec" time="0.082" classname="test/Main.hs.nl-eval-errors.testing each .rsh file" /><testcase name="Err_Parse_NotCallLike" time="0.101" classname="test/Main.hs.nl-eval-errors.testing each .rsh file" /><testcase name="Err_Block_While" time="0.193" classname="test/Main.hs.nl-eval-errors.testing each .rsh file" /><testcase name="Err_Parse_IllegalBinOp" time="0.028" classname="test/Main.hs.nl-eval-errors.testing each .rsh file" /><testcase name="Err_Eval_RefOutOfBounds" time="0.009" classname="test/Main.hs.nl-eval-errors.testing each .rsh file" /><testcase name="Err_Eval_RefNotInt" time="0.092" classname="test/Main.hs.nl-eval-errors.testing each .rsh file" /><testcase name="Err_Export_IllegalJS" time="0.074" classname="test/Main.hs.nl-eval-errors.testing each .rsh file" /><testcase name="Err_App_Interact_NotFirstOrder" time="0.013" classname="test/Main.hs.nl-eval-errors.testing each .rsh file" /><testcase name="Err_Decl_ArraySpreadNotLast" time="0.007" classname="test/Main.hs.nl-eval-errors.testing each .rsh file" /><testcase name="Err_Fun_NamesIllegal" time="0.083" classname="test/Main.hs.nl-eval-errors.testing each .rsh file" /><testcase name="Err_App_PartUnderscore" time="0.204" classname="test/Main.hs.nl-eval-errors.testing each .rsh file" /><testcase name="Err_Eval_NotSpreadable" time="0.006" classname="test/Main.hs.nl-eval-errors.testing each .rsh file" /><testcase name="Err_Obj_SpreadNotObj" time="0.008" classname="test/Main.hs.nl-eval-errors.testing each .rsh file" /><testcase name="Err_Eval_RefNotRefable" time="0.101" classname="test/Main.hs.nl-eval-errors.testing each .rsh file" /><testcase name="Err_Parse_ExpectIdentifierProp" time="0.183" classname="test/Main.hs.nl-eval-errors.testing each .rsh file" /><testcase name="Err_Dot_InvalidField" time="0.011" classname="test/Main.hs.nl-eval-errors.testing each .rsh file" /><testcase name="Err_Parse_CyclicImport" time="0.000" classname="test/Main.hs.nl-eval-errors.testing each .rsh file" /><testcase name="Err_Eval_NotSecretIdent" time="0.103" classname="test/Main.hs.nl-eval-errors.testing each .rsh file" /><testcase name="Err_Prim_InvalidArgs" time="0.106" classname="test/Main.hs.nl-eval-errors.testing each .rsh file" /><testcase name="Err_Module_Return" time="0.086" classname="test/Main.hs.nl-eval-errors.testing each .rsh file" /><testcase name="Err_Obj_IllegalComputedField" time="0.009" classname="test/Main.hs.nl-eval-errors.testing each .rsh file" /><testcase name="Err_Eval_UnboundId" time="0.089" classname="test/Main.hs.nl-eval-errors.testing each .rsh file" /><testcase name="Err_Eval_NotObject" time="0.012" classname="test/Main.hs.nl-eval-errors.testing each .rsh file" /><testcase name="Err_Eval_NotPublicIdent" time="0.008" classname="test/Main.hs.nl-eval-errors.testing each .rsh file" /><testcase name="Err_Eval_LookupUnderscore" time="0.173" classname="test/Main.hs.nl-eval-errors.testing each .rsh file" /><testcase name="Err_Eval_IfCondNotBool" time="0.023" classname="test/Main.hs.nl-eval-errors.testing each .rsh file" /><testcase name="Err_Decl_ObjectSpreadNotLast" time="0.072" classname="test/Main.hs.nl-eval-errors.testing each .rsh file" /><testcase name="Err_Shadowed" time="0.126" classname="test/Main.hs.nl-eval-errors.testing each .rsh file" /><testcase name="Err_Decl_WrongArrayLength" time="0.089" classname="test/Main.hs.nl-eval-errors.testing each .rsh file" /><testcase name="Err_Obj_IllegalMethodDefinition" time="0.125" classname="test/Main.hs.nl-eval-errors.testing each .rsh file" /><testcase name="Err_Eval_IllegalJS" time="0.162" classname="test/Main.hs.nl-eval-errors.testing each .rsh file" /><testcase name="Err_Parse_IllegalUnaOp" time="0.107" classname="test/Main.hs.nl-eval-errors.testing each .rsh file" /></testsuite></testsuite><testsuite name="examples cover EvalError" tests="1"><testsuite name="nl-eval-errors" tests="1"><testcase name="covers all specified examples" time="0.188" classname="test/Main.hs.examples cover EvalError.nl-eval-errors" /></testsuite></testsuite><testsuite name="examples cover ParserError" tests="1"><testsuite name="nl-eval-errors" tests="1"><testcase name="covers all specified examples" time="0.023" classname="test/Main.hs.examples cover ParserError.nl-eval-errors" /></testsuite></testsuite><testsuite name="examples cover TypeError" tests="1"><testsuite name="nl-eval-errors" tests="1"><testcase name="covers all specified examples" time="0.008" classname="test/Main.hs.examples cover TypeError.nl-eval-errors" /></testsuite></testsuite><testsuite name="nl-verify-errs" tests="8"><testsuite name="this subdir" tests="1"><testcase name="is not empty" time="0.000" classname="test/Main.hs.nl-verify-errs.this subdir" /></testsuite><testsuite name="testing each .rsh file" tests="7"><testcase name="require_false" time="0.208" classname="test/Main.hs.nl-verify-errs.testing each .rsh file" /><testcase name="assert_false" time="0.116" classname="test/Main.hs.nl-verify-errs.testing each .rsh file" /><testcase name="assume_false" time="0.180" classname="test/Main.hs.nl-verify-errs.testing each .rsh file" /><testcase name="assert_gt" time="0.177" classname="test/Main.hs.nl-verify-errs.testing each .rsh file" /><testcase name="assert_more_expr" time="0.031" classname="test/Main.hs.nl-verify-errs.testing each .rsh file" /><testcase name="possible_false" time="0.168" classname="test/Main.hs.nl-verify-errs.testing each .rsh file" /><testcase name="impossible" time="0.040" classname="test/Main.hs.nl-verify-errs.testing each .rsh file" /></testsuite></testsuite><testsuite name="nl-verify-noerrs" tests="3"><testsuite name="this subdir" tests="1"><testcase name="is not empty" time="0.000" classname="test/Main.hs.nl-verify-noerrs.this subdir" /></testsuite><testsuite name="testing each .rsh file" tests="2"><testcase name="assert_false_unreachable" time="0.105" classname="test/Main.hs.nl-verify-noerrs.testing each .rsh file" /><testcase name="bytes_eq" time="0.091" classname="test/Main.hs.nl-verify-noerrs.testing each .rsh file" /></testsuite></testsuite><testsuite name="isFirstOrder" tests="4"><testsuite name="isFirstOrder" tests="4"><testcase name="returns True when obvs" time="0.000" classname="test/Main.hs.isFirstOrder.isFirstOrder" /><testcase name="returns False when obvs" time="0.000" classname="test/Main.hs.isFirstOrder.isFirstOrder" /><testcase name="returns True when less obvs" time="0.000" classname="test/Main.hs.isFirstOrder.isFirstOrder" /><testcase name="returns False when less obvs" time="0.000" classname="test/Main.hs.isFirstOrder.isFirstOrder" /></testsuite></testsuite><testsuite name="versionMatch" tests="1"><testsuite name="version" tests="1"><testcase name="is correct" time="0.000" classname="test/Main.hs.versionMatch.version" /></testsuite></testsuite><testsuite name="fromIntegerMay" tests="3"><testsuite name="fromIntegerMay" tests="3"><testcase name="does not overflow" time="0.000" classname="test/Main.hs.fromIntegerMay.fromIntegerMay" /><testcase name="does not underflow" time="0.000" classname="test/Main.hs.fromIntegerMay.fromIntegerMay" /><testcase name="works" time="0.000" classname="test/Main.hs.fromIntegerMay.fromIntegerMay" /></testsuite></testsuite><testcase name="fromIntegerMay intRoundTrip" time="0.000" classname="test/Main.hs" /></testsuite></testsuites>