<?xml version='1.0' ?><testsuites errors="0" failures="0" tests="62" time="79.054"><testsuite name="tests" tests="62"><testsuite name="parse-errors" tests="25"><testsuite name="Examples covering ParseErr" tests="1"><testcase name="list of constructors with missing examples is empty" time="0.000" classname="tests.parse-errors.Examples covering ParseErr" /></testsuite><testsuite name="this subdir" tests="1"><testcase name="is not empty" time="0.000" classname="tests.parse-errors.this subdir" /></testsuite><testsuite name="testing each .rshfile" tests="23"><testcase name="PE_Arg1" time="0.078" classname="tests.parse-errors.testing each .rshfile" /><testcase name="PE_LibraryParticipants" time="0.000" classname="tests.parse-errors.testing each .rshfile" /><testcase name="PE_Statement" time="0.000" classname="tests.parse-errors.testing each .rshfile" /><testcase name="PE_NoMain" time="0.000" classname="tests.parse-errors.testing each .rshfile" /><testcase name="PE_Type" time="0.000" classname="tests.parse-errors.testing each .rshfile" /><testcase name="PE_BodyElement" time="0.000" classname="tests.parse-errors.testing each .rshfile" /><testcase name="PE_ArrowParams" time="0.098" classname="tests.parse-errors.testing each .rshfile" /><testcase name="PE_DoubleMain" time="0.000" classname="tests.parse-errors.testing each .rshfile" /><testcase name="PE_LibraryParticipants_lib" time="0.000" classname="tests.parse-errors.testing each .rshfile" /><testcase name="PE_HeaderProgram" time="0.000" classname="tests.parse-errors.testing each .rshfile" /><testcase name="PE_LibraryMain_lib" time="0.000" classname="tests.parse-errors.testing each .rshfile" /><testcase name="PE_LibraryMain" time="0.000" classname="tests.parse-errors.testing each .rshfile" /><testcase name="PE_HeaderLibrary_lib" time="0.000" classname="tests.parse-errors.testing each .rshfile" /><testcase name="PE_ContinueArgs" time="0.007" classname="tests.parse-errors.testing each .rshfile" /><testcase name="PE_EmptyBody" time="0.000" classname="tests.parse-errors.testing each .rshfile" /><testcase name="PE_IfElse" time="0.000" classname="tests.parse-errors.testing each .rshfile" /><testcase name="PE_AfterReturn" time="0.000" classname="tests.parse-errors.testing each .rshfile" /><testcase name="PE_UnaryOp" time="0.000" classname="tests.parse-errors.testing each .rshfile" /><testcase name="PE_Expression" time="0.000" classname="tests.parse-errors.testing each .rshfile" /><testcase name="PE_LetLHS" time="0.000" classname="tests.parse-errors.testing each .rshfile" /><testcase name="PE_Identifier" time="0.000" classname="tests.parse-errors.testing each .rshfile" /><testcase name="PE_BinaryOp" time="0.024" classname="tests.parse-errors.testing each .rshfile" /><testcase name="PE_HeaderLibrary" time="0.000" classname="tests.parse-errors.testing each .rshfile" /></testsuite></testsuite><testsuite name="compile-errors" tests="24"><testsuite name="Examples covering CompileErr" tests="1"><testcase name="list of constructors with missing examples is empty" time="0.000" classname="tests.compile-errors.Examples covering CompileErr" /></testsuite><testsuite name="this subdir" tests="1"><testcase name="is not empty" time="0.000" classname="tests.compile-errors.this subdir" /></testsuite><testsuite name="testing each .rshfile" tests="22"><testcase name="CE_UnboundVariable" time="0.285" classname="tests.compile-errors.testing each .rshfile" /><testcase name="CE_LambdaArgCount" time="0.211" classname="tests.compile-errors.testing each .rshfile" /><testcase name="CE_ArrayLenNotConstant" time="0.297" classname="tests.compile-errors.testing each .rshfile" /><testcase name="CE_Unreachable" time="0.408" classname="tests.compile-errors.testing each .rshfile" /><testcase name="CE_ContractLimitation" time="0.103" classname="tests.compile-errors.testing each .rshfile" /><testcase name="CE_TypeMismatch" time="0.011" classname="tests.compile-errors.testing each .rshfile" /><testcase name="CE_ArrayUnitNotBT" time="0.146" classname="tests.compile-errors.testing each .rshfile" /><testcase name="CE_WhileNoContinue" time="0.198" classname="tests.compile-errors.testing each .rshfile" /><testcase name="CE_TypeCount" time="0.013" classname="tests.compile-errors.testing each .rshfile" /><testcase name="CE_UnknownVar" time="0.115" classname="tests.compile-errors.testing each .rshfile" /><testcase name="CE_ContinueNotInLoop" time="0.000" classname="tests.compile-errors.testing each .rshfile" /><testcase name="CE_UnknownRole" time="0.175" classname="tests.compile-errors.testing each .rshfile" /><testcase name="CE_UnboundTypeVariable" time="0.116" classname="tests.compile-errors.testing each .rshfile" /><testcase name="CE_HigherOrder" time="0.089" classname="tests.compile-errors.testing each .rshfile" /><testcase name="CE_ContractReturns" time="0.113" classname="tests.compile-errors.testing each .rshfile" /><testcase name="CE_VarNotVar" time="0.026" classname="tests.compile-errors.testing each .rshfile" /><testcase name="CE_CannotApply" time="0.056" classname="tests.compile-errors.testing each .rshfile" /><testcase name="CE_ExpectedPublic" time="0.045" classname="tests.compile-errors.testing each .rshfile" /><testcase name="CE_ExpectArray" time="0.163" classname="tests.compile-errors.testing each .rshfile" /><testcase name="CE_VariableNotParticipant" time="0.119" classname="tests.compile-errors.testing each .rshfile" /><testcase name="CE_Shadowed" time="0.172" classname="tests.compile-errors.testing each .rshfile" /><testcase name="CE_LocalLimitation" time="0.254" classname="tests.compile-errors.testing each .rshfile" /></testsuite></testsuite><testsuite name="verification-errors" tests="13"><testsuite name="this subdir" tests="1"><testcase name="is not empty" time="0.000" classname="tests.verification-errors.this subdir" /></testsuite><testsuite name="testing each .patchfile" tests="12"><testcase name="multisig__multisig.rsh.1" time="1.767" classname="tests.verification-errors.testing each .patchfile" /><testcase name="multisig__multisig.rsh.0" time="2.212" classname="tests.verification-errors.testing each .patchfile" /><testcase name="rps__rsh__rps.rsh.3" time="6.715" classname="tests.verification-errors.testing each .patchfile" /><testcase name="rps__rsh__rps.rsh.4" time="11.474" classname="tests.verification-errors.testing each .patchfile" /><testcase name="rps__rsh__rps_while.rsh.1" time="8.571" classname="tests.verification-errors.testing each .patchfile" /><testcase name="rps__rsh__rps.rsh.1" time="9.703" classname="tests.verification-errors.testing each .patchfile" /><testcase name="rps__rsh__rps.rsh.0" time="7.332" classname="tests.verification-errors.testing each .patchfile" /><testcase name="rps__rsh__rps_while.rsh.3" time="7.224" classname="tests.verification-errors.testing each .patchfile" /><testcase name="multisig__multisig.rsh.3" time="0.927" classname="tests.verification-errors.testing each .patchfile" /><testcase name="rps__rsh__rps_while.rsh.0" time="11.646" classname="tests.verification-errors.testing each .patchfile" /><testcase name="multisig__multisig.rsh.2" time="1.302" classname="tests.verification-errors.testing each .patchfile" /><testcase name="rps__rsh__rps_while.rsh.2" time="6.852" classname="tests.verification-errors.testing each .patchfile" /></testsuite></testsuite></testsuite></testsuites>