<?xml version='1.0' ?><testsuites errors="0" failures="0" tests="70" time="91.315"><testsuite name="tests" tests="70"><testsuite name="Reach.NL_Eval" tests="5"><testsuite name="nl-eval-errors" tests="5"><testsuite name="this subdir" tests="1"><testcase name="is not empty" time="0.000" classname="tests.Reach.NL_Eval.nl-eval-errors.this subdir" /></testsuite><testsuite name="testing each .rshfile" tests="4"><testcase name="Err_Parse_ExpectIdentifier" time="0.003" classname="tests.Reach.NL_Eval.nl-eval-errors.testing each .rshfile" /><testcase name="Err_Parse_IllegalBinOp" time="0.014" classname="tests.Reach.NL_Eval.nl-eval-errors.testing each .rshfile" /><testcase name="Err_Parse_IllegalUnaOp" time="0.001" classname="tests.Reach.NL_Eval.nl-eval-errors.testing each .rshfile" /><testcase name="Err_Parse_CyclicImport" time="0.000" classname="tests.Reach.NL_Eval.nl-eval-errors.testing each .rshfile" /></testsuite></testsuite></testsuite><testsuite name="Reach.Util" tests="3"><testsuite name="fromIntegerMay" tests="3"><testcase name="does not overflow" time="0.000" classname="tests.Reach.Util.fromIntegerMay" /><testcase name="does not underflow" time="0.000" classname="tests.Reach.Util.fromIntegerMay" /><testcase name="works" time="0.000" classname="tests.Reach.Util.fromIntegerMay" /></testsuite></testsuite><testsuite name="parse-errors" tests="25"><testsuite name="Examples covering ParseErr" tests="1"><testcase name="list of constructors with missing examples is empty" time="0.000" classname="tests.parse-errors.Examples covering ParseErr" /></testsuite><testsuite name="this subdir" tests="1"><testcase name="is not empty" time="0.000" classname="tests.parse-errors.this subdir" /></testsuite><testsuite name="testing each .rshfile" tests="23"><testcase name="PE_DoubleMain" time="0.007" classname="tests.parse-errors.testing each .rshfile" /><testcase name="PE_HeaderProgram" time="0.000" classname="tests.parse-errors.testing each .rshfile" /><testcase name="PE_HeaderLibrary" time="0.000" classname="tests.parse-errors.testing each .rshfile" /><testcase name="PE_EmptyBody" time="0.000" classname="tests.parse-errors.testing each .rshfile" /><testcase name="PE_NoMain" time="0.000" classname="tests.parse-errors.testing each .rshfile" /><testcase name="PE_ContinueArgs" time="0.000" classname="tests.parse-errors.testing each .rshfile" /><testcase name="PE_Identifier" time="0.000" classname="tests.parse-errors.testing each .rshfile" /><testcase name="PE_LibraryParticipants" time="0.064" classname="tests.parse-errors.testing each .rshfile" /><testcase name="PE_Type" time="0.000" classname="tests.parse-errors.testing each .rshfile" /><testcase name="PE_LibraryMain_lib" time="0.000" classname="tests.parse-errors.testing each .rshfile" /><testcase name="PE_HeaderLibrary_lib" time="0.000" classname="tests.parse-errors.testing each .rshfile" /><testcase name="PE_BinaryOp" time="0.000" classname="tests.parse-errors.testing each .rshfile" /><testcase name="PE_BodyElement" time="0.000" classname="tests.parse-errors.testing each .rshfile" /><testcase name="PE_AfterReturn" time="0.000" classname="tests.parse-errors.testing each .rshfile" /><testcase name="PE_ArrowParams" time="0.003" classname="tests.parse-errors.testing each .rshfile" /><testcase name="PE_IfElse" time="0.000" classname="tests.parse-errors.testing each .rshfile" /><testcase name="PE_LetLHS" time="0.000" classname="tests.parse-errors.testing each .rshfile" /><testcase name="PE_Expression" time="0.000" classname="tests.parse-errors.testing each .rshfile" /><testcase name="PE_Arg1" time="0.000" classname="tests.parse-errors.testing each .rshfile" /><testcase name="PE_UnaryOp" time="0.000" classname="tests.parse-errors.testing each .rshfile" /><testcase name="PE_LibraryMain" time="0.000" classname="tests.parse-errors.testing each .rshfile" /><testcase name="PE_Statement" time="0.001" classname="tests.parse-errors.testing each .rshfile" /><testcase name="PE_LibraryParticipants_lib" time="0.000" classname="tests.parse-errors.testing each .rshfile" /></testsuite></testsuite><testsuite name="compile-errors" tests="24"><testsuite name="Examples covering CompileErr" tests="1"><testcase name="list of constructors with missing examples is empty" time="0.000" classname="tests.compile-errors.Examples covering CompileErr" /></testsuite><testsuite name="this subdir" tests="1"><testcase name="is not empty" time="0.000" classname="tests.compile-errors.this subdir" /></testsuite><testsuite name="testing each .rshfile" tests="22"><testcase name="CE_Shadowed" time="0.195" classname="tests.compile-errors.testing each .rshfile" /><testcase name="CE_UnknownVar" time="0.200" classname="tests.compile-errors.testing each .rshfile" /><testcase name="CE_ContinueNotInLoop" time="0.000" classname="tests.compile-errors.testing each .rshfile" /><testcase name="CE_HigherOrder" time="0.103" classname="tests.compile-errors.testing each .rshfile" /><testcase name="CE_TypeCount" time="0.310" classname="tests.compile-errors.testing each .rshfile" /><testcase name="CE_LambdaArgCount" time="0.096" classname="tests.compile-errors.testing each .rshfile" /><testcase name="CE_ArrayUnitNotBT" time="0.021" classname="tests.compile-errors.testing each .rshfile" /><testcase name="CE_LocalLimitation" time="0.214" classname="tests.compile-errors.testing each .rshfile" /><testcase name="CE_ExpectedPublic" time="0.174" classname="tests.compile-errors.testing each .rshfile" /><testcase name="CE_TypeMismatch" time="0.015" classname="tests.compile-errors.testing each .rshfile" /><testcase name="CE_UnboundTypeVariable" time="0.074" classname="tests.compile-errors.testing each .rshfile" /><testcase name="CE_CannotApply" time="0.009" classname="tests.compile-errors.testing each .rshfile" /><testcase name="CE_ContractReturns" time="0.202" classname="tests.compile-errors.testing each .rshfile" /><testcase name="CE_WhileNoContinue" time="0.093" classname="tests.compile-errors.testing each .rshfile" /><testcase name="CE_VariableNotParticipant" time="0.105" classname="tests.compile-errors.testing each .rshfile" /><testcase name="CE_ArrayLenNotConstant" time="0.097" classname="tests.compile-errors.testing each .rshfile" /><testcase name="CE_ExpectArray" time="0.008" classname="tests.compile-errors.testing each .rshfile" /><testcase name="CE_UnboundVariable" time="0.101" classname="tests.compile-errors.testing each .rshfile" /><testcase name="CE_UnknownRole" time="0.081" classname="tests.compile-errors.testing each .rshfile" /><testcase name="CE_Unreachable" time="0.031" classname="tests.compile-errors.testing each .rshfile" /><testcase name="CE_VarNotVar" time="0.068" classname="tests.compile-errors.testing each .rshfile" /><testcase name="CE_ContractLimitation" time="0.228" classname="tests.compile-errors.testing each .rshfile" /></testsuite></testsuite><testsuite name="verification-errors" tests="13"><testsuite name="this subdir" tests="1"><testcase name="is not empty" time="0.000" classname="tests.verification-errors.this subdir" /></testsuite><testsuite name="testing each .patchfile" tests="12"><testcase name="rps__rsh__rps.rsh.0" time="5.307" classname="tests.verification-errors.testing each .patchfile" /><testcase name="rps__rsh__rps_while.rsh.2" time="6.465" classname="tests.verification-errors.testing each .patchfile" /><testcase name="multisig__multisig.rsh.2" time="1.566" classname="tests.verification-errors.testing each .patchfile" /><testcase name="multisig__multisig.rsh.1" time="2.761" classname="tests.verification-errors.testing each .patchfile" /><testcase name="rps__rsh__rps.rsh.3" time="7.836" classname="tests.verification-errors.testing each .patchfile" /><testcase name="rps__rsh__rps.rsh.4" time="12.066" classname="tests.verification-errors.testing each .patchfile" /><testcase name="multisig__multisig.rsh.3" time="1.813" classname="tests.verification-errors.testing each .patchfile" /><testcase name="rps__rsh__rps_while.rsh.0" time="11.207" classname="tests.verification-errors.testing each .patchfile" /><testcase name="rps__rsh__rps_while.rsh.3" time="12.303" classname="tests.verification-errors.testing each .patchfile" /><testcase name="rps__rsh__rps.rsh.1" time="11.476" classname="tests.verification-errors.testing each .patchfile" /><testcase name="rps__rsh__rps_while.rsh.1" time="12.952" classname="tests.verification-errors.testing each .patchfile" /><testcase name="multisig__multisig.rsh.0" time="3.039" classname="tests.verification-errors.testing each .patchfile" /></testsuite></testsuite></testsuite></testsuites>