<?xml version='1.0' ?><testsuites errors="0" failures="0" tests="67" time="105.691"><testsuite name="tests" tests="67"><testsuite name="NL parse tests" tests="2"><testsuite name="nl-parse-errors" tests="2"><testsuite name="this subdir" tests="1"><testcase name="is not empty" time="0.000" classname="tests.NL parse tests.nl-parse-errors.this subdir" /></testsuite><testsuite name="testing each .rshfile" tests="1"><testcase name="Err_Parse_CyclicImport" time="0.001" classname="tests.NL parse tests.nl-parse-errors.testing each .rshfile" /></testsuite></testsuite></testsuite><testsuite name="Reach.Util" tests="3"><testsuite name="fromIntegerMay" tests="3"><testcase name="does not underflow" time="0.000" classname="tests.Reach.Util.fromIntegerMay" /><testcase name="does not overflow" time="0.000" classname="tests.Reach.Util.fromIntegerMay" /><testcase name="works" time="0.000" classname="tests.Reach.Util.fromIntegerMay" /></testsuite></testsuite><testsuite name="parse-errors" tests="25"><testsuite name="Examples covering ParseErr" tests="1"><testcase name="list of constructors with missing examples is empty" time="0.000" classname="tests.parse-errors.Examples covering ParseErr" /></testsuite><testsuite name="this subdir" tests="1"><testcase name="is not empty" time="0.000" classname="tests.parse-errors.this subdir" /></testsuite><testsuite name="testing each .rshfile" tests="23"><testcase name="PE_Arg1" time="0.010" classname="tests.parse-errors.testing each .rshfile" /><testcase name="PE_LetLHS" time="0.000" classname="tests.parse-errors.testing each .rshfile" /><testcase name="PE_Type" time="0.000" classname="tests.parse-errors.testing each .rshfile" /><testcase name="PE_EmptyBody" time="0.000" classname="tests.parse-errors.testing each .rshfile" /><testcase name="PE_BodyElement" time="0.000" classname="tests.parse-errors.testing each .rshfile" /><testcase name="PE_UnaryOp" time="0.000" classname="tests.parse-errors.testing each .rshfile" /><testcase name="PE_HeaderProgram" time="0.000" classname="tests.parse-errors.testing each .rshfile" /><testcase name="PE_ArrowParams" time="0.058" classname="tests.parse-errors.testing each .rshfile" /><testcase name="PE_HeaderLibrary" time="0.000" classname="tests.parse-errors.testing each .rshfile" /><testcase name="PE_LibraryMain" time="0.000" classname="tests.parse-errors.testing each .rshfile" /><testcase name="PE_IfElse" time="0.000" classname="tests.parse-errors.testing each .rshfile" /><testcase name="PE_DoubleMain" time="0.000" classname="tests.parse-errors.testing each .rshfile" /><testcase name="PE_BinaryOp" time="0.000" classname="tests.parse-errors.testing each .rshfile" /><testcase name="PE_Expression" time="0.000" classname="tests.parse-errors.testing each .rshfile" /><testcase name="PE_LibraryParticipants_lib" time="0.001" classname="tests.parse-errors.testing each .rshfile" /><testcase name="PE_ContinueArgs" time="0.000" classname="tests.parse-errors.testing each .rshfile" /><testcase name="PE_LibraryParticipants" time="0.000" classname="tests.parse-errors.testing each .rshfile" /><testcase name="PE_Statement" time="0.000" classname="tests.parse-errors.testing each .rshfile" /><testcase name="PE_LibraryMain_lib" time="0.000" classname="tests.parse-errors.testing each .rshfile" /><testcase name="PE_AfterReturn" time="0.000" classname="tests.parse-errors.testing each .rshfile" /><testcase name="PE_Identifier" time="0.022" classname="tests.parse-errors.testing each .rshfile" /><testcase name="PE_HeaderLibrary_lib" time="0.000" classname="tests.parse-errors.testing each .rshfile" /><testcase name="PE_NoMain" time="0.000" classname="tests.parse-errors.testing each .rshfile" /></testsuite></testsuite><testsuite name="compile-errors" tests="24"><testsuite name="Examples covering CompileErr" tests="1"><testcase name="list of constructors with missing examples is empty" time="0.000" classname="tests.compile-errors.Examples covering CompileErr" /></testsuite><testsuite name="this subdir" tests="1"><testcase name="is not empty" time="0.000" classname="tests.compile-errors.this subdir" /></testsuite><testsuite name="testing each .rshfile" tests="22"><testcase name="CE_ContinueNotInLoop" time="0.000" classname="tests.compile-errors.testing each .rshfile" /><testcase name="CE_TypeMismatch" time="0.296" classname="tests.compile-errors.testing each .rshfile" /><testcase name="CE_ContractReturns" time="0.338" classname="tests.compile-errors.testing each .rshfile" /><testcase name="CE_ArrayUnitNotBT" time="0.377" classname="tests.compile-errors.testing each .rshfile" /><testcase name="CE_VariableNotParticipant" time="0.394" classname="tests.compile-errors.testing each .rshfile" /><testcase name="CE_ExpectArray" time="0.184" classname="tests.compile-errors.testing each .rshfile" /><testcase name="CE_WhileNoContinue" time="0.390" classname="tests.compile-errors.testing each .rshfile" /><testcase name="CE_UnboundTypeVariable" time="0.218" classname="tests.compile-errors.testing each .rshfile" /><testcase name="CE_UnboundVariable" time="0.274" classname="tests.compile-errors.testing each .rshfile" /><testcase name="CE_Unreachable" time="0.337" classname="tests.compile-errors.testing each .rshfile" /><testcase name="CE_ArrayLenNotConstant" time="0.186" classname="tests.compile-errors.testing each .rshfile" /><testcase name="CE_TypeCount" time="0.298" classname="tests.compile-errors.testing each .rshfile" /><testcase name="CE_UnknownVar" time="0.200" classname="tests.compile-errors.testing each .rshfile" /><testcase name="CE_LambdaArgCount" time="0.093" classname="tests.compile-errors.testing each .rshfile" /><testcase name="CE_ExpectedPublic" time="0.523" classname="tests.compile-errors.testing each .rshfile" /><testcase name="CE_CannotApply" time="0.179" classname="tests.compile-errors.testing each .rshfile" /><testcase name="CE_ContractLimitation" time="0.233" classname="tests.compile-errors.testing each .rshfile" /><testcase name="CE_HigherOrder" time="0.085" classname="tests.compile-errors.testing each .rshfile" /><testcase name="CE_UnknownRole" time="0.273" classname="tests.compile-errors.testing each .rshfile" /><testcase name="CE_VarNotVar" time="0.415" classname="tests.compile-errors.testing each .rshfile" /><testcase name="CE_Shadowed" time="0.080" classname="tests.compile-errors.testing each .rshfile" /><testcase name="CE_LocalLimitation" time="0.255" classname="tests.compile-errors.testing each .rshfile" /></testsuite></testsuite><testsuite name="verification-errors" tests="13"><testsuite name="this subdir" tests="1"><testcase name="is not empty" time="0.000" classname="tests.verification-errors.this subdir" /></testsuite><testsuite name="testing each .patchfile" tests="12"><testcase name="rps__rsh__rps_while.rsh.1" time="11.457" classname="tests.verification-errors.testing each .patchfile" /><testcase name="multisig__multisig.rsh.3" time="3.206" classname="tests.verification-errors.testing each .patchfile" /><testcase name="rps__rsh__rps.rsh.1" time="13.511" classname="tests.verification-errors.testing each .patchfile" /><testcase name="rps__rsh__rps.rsh.4" time="9.326" classname="tests.verification-errors.testing each .patchfile" /><testcase name="multisig__multisig.rsh.0" time="1.744" classname="tests.verification-errors.testing each .patchfile" /><testcase name="rps__rsh__rps_while.rsh.2" time="10.708" classname="tests.verification-errors.testing each .patchfile" /><testcase name="rps__rsh__rps_while.rsh.3" time="14.245" classname="tests.verification-errors.testing each .patchfile" /><testcase name="rps__rsh__rps.rsh.3" time="6.757" classname="tests.verification-errors.testing each .patchfile" /><testcase name="rps__rsh__rps_while.rsh.0" time="14.121" classname="tests.verification-errors.testing each .patchfile" /><testcase name="multisig__multisig.rsh.1" time="1.836" classname="tests.verification-errors.testing each .patchfile" /><testcase name="multisig__multisig.rsh.2" time="2.589" classname="tests.verification-errors.testing each .patchfile" /><testcase name="rps__rsh__rps.rsh.0" time="10.463" classname="tests.verification-errors.testing each .patchfile" /></testsuite></testsuite></testsuite></testsuites>