<?xml version='1.0' ?><testsuites errors="0" failures="0" tests="66" time="1.992"><testsuite name="test/Main.hs" tests="66"><testsuite name="fromIntegerMay" tests="3"><testsuite name="fromIntegerMay" tests="3"><testcase name="does not overflow" time="0.000" classname="test/Main.hs.fromIntegerMay.fromIntegerMay" /><testcase name="does not underflow" time="0.000" classname="test/Main.hs.fromIntegerMay.fromIntegerMay" /><testcase name="works" time="0.000" classname="test/Main.hs.fromIntegerMay.fromIntegerMay" /></testsuite></testsuite><testcase name="fromIntegerMay intRoundTrip" time="0.001" classname="test/Main.hs" /><testsuite name="features" tests="3"><testsuite name="this subdir" tests="1"><testcase name="is not empty" time="0.000" classname="test/Main.hs.features.this subdir" /></testsuite><testsuite name="testing each .rsh file" tests="2"><testcase name="objects_lifted" time="0.097" classname="test/Main.hs.features.testing each .rsh file" /><testcase name="objects" time="0.107" classname="test/Main.hs.features.testing each .rsh file" /></testsuite></testsuite><testsuite name="non-features" tests="3"><testsuite name="this subdir" tests="1"><testcase name="is not empty" time="0.000" classname="test/Main.hs.non-features.this subdir" /></testsuite><testsuite name="testing each .rsh file" tests="2"><testcase name="interact_escape_only" time="0.082" classname="test/Main.hs.non-features.testing each .rsh file" /><testcase name="object_mutation" time="0.027" classname="test/Main.hs.non-features.testing each .rsh file" /></testsuite></testsuite><testsuite name="nl-verify-errs" tests="8"><testsuite name="this subdir" tests="1"><testcase name="is not empty" time="0.000" classname="test/Main.hs.nl-verify-errs.this subdir" /></testsuite><testsuite name="testing each .rsh file" tests="7"><testcase name="possible_false" time="0.173" classname="test/Main.hs.nl-verify-errs.testing each .rsh file" /><testcase name="assert_more_expr" time="0.042" classname="test/Main.hs.nl-verify-errs.testing each .rsh file" /><testcase name="assume_false" time="0.018" classname="test/Main.hs.nl-verify-errs.testing each .rsh file" /><testcase name="require_false" time="0.048" classname="test/Main.hs.nl-verify-errs.testing each .rsh file" /><testcase name="assert_false" time="0.019" classname="test/Main.hs.nl-verify-errs.testing each .rsh file" /><testcase name="assert_gt" time="0.021" classname="test/Main.hs.nl-verify-errs.testing each .rsh file" /><testcase name="impossible" time="0.020" classname="test/Main.hs.nl-verify-errs.testing each .rsh file" /></testsuite></testsuite><testsuite name="nl-verify-noerrs" tests="2"><testsuite name="this subdir" tests="1"><testcase name="is not empty" time="0.000" classname="test/Main.hs.nl-verify-noerrs.this subdir" /></testsuite><testsuite name="testing each .rsh file" tests="1"><testcase name="assert_false_unreachable" time="0.042" classname="test/Main.hs.nl-verify-noerrs.testing each .rsh file" /></testsuite></testsuite><testsuite name="nl-eval-errors" tests="44"><testsuite name="this subdir" tests="1"><testcase name="is not empty" time="0.000" classname="test/Main.hs.nl-eval-errors.this subdir" /></testsuite><testsuite name="testing each .rsh file" tests="43"><testcase name="Err_Eval_NotApplicable" time="0.087" classname="test/Main.hs.nl-eval-errors.testing each .rsh file" /><testcase name="Err_ToConsensus_TimeoutArgs" time="0.006" classname="test/Main.hs.nl-eval-errors.testing each .rsh file" /><testcase name="Err_DeclLHS_IllegalJS" time="0.006" classname="test/Main.hs.nl-eval-errors.testing each .rsh file" /><testcase name="Err_Eval_UnboundId" time="0.007" classname="test/Main.hs.nl-eval-errors.testing each .rsh file" /><testcase name="Err_Block_Variable" time="0.002" classname="test/Main.hs.nl-eval-errors.testing each .rsh file" /><testcase name="Err_Obj_IllegalNumberField" time="0.081" classname="test/Main.hs.nl-eval-errors.testing each .rsh file" /><testcase name="Err_Prim_InvalidArgs" time="0.003" classname="test/Main.hs.nl-eval-errors.testing each .rsh file" /><testcase name="Err_Eval_RefNotInt" time="0.005" classname="test/Main.hs.nl-eval-errors.testing each .rsh file" /><testcase name="Err_Block_Assign" time="0.006" classname="test/Main.hs.nl-eval-errors.testing each .rsh file" /><testcase name="Err_Eval_ContinueNotInWhile" time="0.025" classname="test/Main.hs.nl-eval-errors.testing each .rsh file" /><testcase name="Err_Eval_IllegalMode" time="0.148" classname="test/Main.hs.nl-eval-errors.testing each .rsh file" /><testcase name="Err_Parse_IllegalBinOp" time="0.004" classname="test/Main.hs.nl-eval-errors.testing each .rsh file" /><testcase name="Err_Module_Return" time="0.003" classname="test/Main.hs.nl-eval-errors.testing each .rsh file" /><testcase name="Err_Decl_WrongArrayLength" time="0.032" classname="test/Main.hs.nl-eval-errors.testing each .rsh file" /><testcase name="Err_Eval_ContinueNotLoopVariable" time="0.072" classname="test/Main.hs.nl-eval-errors.testing each .rsh file" /><testcase name="Err_Shadowed" time="0.004" classname="test/Main.hs.nl-eval-errors.testing each .rsh file" /><testcase name="Err_Form_InvalidArgs" time="0.005" classname="test/Main.hs.nl-eval-errors.testing each .rsh file" /><testcase name="Err_Export_IllegalJS" time="0.004" classname="test/Main.hs.nl-eval-errors.testing each .rsh file" /><testcase name="Err_Block_While" time="0.003" classname="test/Main.hs.nl-eval-errors.testing each .rsh file" /><testcase name="Err_Eval_RefOutOfBounds" time="0.075" classname="test/Main.hs.nl-eval-errors.testing each .rsh file" /><testcase name="Err_Decl_NotRefable" time="0.005" classname="test/Main.hs.nl-eval-errors.testing each .rsh file" /><testcase name="Err_Top_NotApp" time="0.005" classname="test/Main.hs.nl-eval-errors.testing each .rsh file" /><testcase name="Err_ExpectedPrivate" time="0.004" classname="test/Main.hs.nl-eval-errors.testing each .rsh file" /><testcase name="Err_Block_NotNull" time="0.110" classname="test/Main.hs.nl-eval-errors.testing each .rsh file" /><testcase name="Err_Eval_RefNotRefable" time="0.004" classname="test/Main.hs.nl-eval-errors.testing each .rsh file" /><testcase name="Err_Parse_IllegalUnaOp" time="0.004" classname="test/Main.hs.nl-eval-errors.testing each .rsh file" /><testcase name="Err_Fun_NamesIllegal" time="0.005" classname="test/Main.hs.nl-eval-errors.testing each .rsh file" /><testcase name="Err_Parse_ExpectIdentifier" time="0.085" classname="test/Main.hs.nl-eval-errors.testing each .rsh file" /><testcase name="Err_Eval_IllegalJS" time="0.005" classname="test/Main.hs.nl-eval-errors.testing each .rsh file" /><testcase name="Err_Eval_IfCondNotBool" time="0.004" classname="test/Main.hs.nl-eval-errors.testing each .rsh file" /><testcase name="Err_App_InvalidPartSpec" time="0.004" classname="test/Main.hs.nl-eval-errors.testing each .rsh file" /><testcase name="Err_Obj_IllegalMethodDefinition" time="0.004" classname="test/Main.hs.nl-eval-errors.testing each .rsh file" /><testcase name="Err_Parse_CyclicImport" time="0.000" classname="test/Main.hs.nl-eval-errors.testing each .rsh file" /><testcase name="Err_NoHeader" time="0.092" classname="test/Main.hs.nl-eval-errors.testing each .rsh file" /><testcase name="Err_TailNotEmpty" time="0.007" classname="test/Main.hs.nl-eval-errors.testing each .rsh file" /><testcase name="Err_Eval_NotObject" time="0.067" classname="test/Main.hs.nl-eval-errors.testing each .rsh file" /><testcase name="Err_Obj_SpreadNotObj" time="0.114" classname="test/Main.hs.nl-eval-errors.testing each .rsh file" /><testcase name="Err_Apply_ArgCount" time="0.007" classname="test/Main.hs.nl-eval-errors.testing each .rsh file" /><testcase name="Err_Obj_IllegalComputedField" time="0.002" classname="test/Main.hs.nl-eval-errors.testing each .rsh file" /><testcase name="Err_Dot_InvalidField" time="0.072" classname="test/Main.hs.nl-eval-errors.testing each .rsh file" /><testcase name="Err_Block_IllegalJS" time="0.105" classname="test/Main.hs.nl-eval-errors.testing each .rsh file" /><testcase name="Err_App_InvalidInteract" time="0.004" classname="test/Main.hs.nl-eval-errors.testing each .rsh file" /><testcase name="Err_ExpectedPublic" time="0.003" classname="test/Main.hs.nl-eval-errors.testing each .rsh file" /></testsuite></testsuite><testsuite name="examples cover EvalError" tests="1"><testsuite name="nl-eval-errors" tests="1"><testcase name="covers all specified examples" time="0.003" classname="test/Main.hs.examples cover EvalError.nl-eval-errors" /></testsuite></testsuite><testsuite name="examples cover ParserError" tests="1"><testsuite name="nl-eval-errors" tests="1"><testcase name="covers all specified examples" time="0.004" classname="test/Main.hs.examples cover ParserError.nl-eval-errors" /></testsuite></testsuite></testsuite></testsuites>